This file contains any messages produced by compilers while
running configure, to aid debugging if configure makes a mistake.

It was created by libgcrypt configure 1.7.6, which was
generated by GNU Autoconf 2.69.  Invocation command line was

  $ ./configure 

## --------- ##
## Platform. ##
## --------- ##

hostname = ww31-OptiPlex-7040
uname -m = x86_64
uname -r = 4.2.8-ckt3+
uname -s = Linux
uname -v = #4 SMP Tue Feb 21 18:13:18 EST 2017

/usr/bin/uname -p = unknown
/bin/uname -X     = unknown

/bin/arch              = unknown
/usr/bin/arch -k       = unknown
/usr/convex/getsysinfo = unknown
/usr/bin/hostinfo      = unknown
/bin/machine           = unknown
/usr/bin/oslevel       = unknown
/bin/universe          = unknown

PATH: /home/ww31/bin
PATH: /home/ww31/.local/bin
PATH: /usr/local/sbin
PATH: /usr/local/bin
PATH: /usr/sbin
PATH: /usr/bin
PATH: /sbin
PATH: /bin
PATH: /usr/games
PATH: /usr/local/games
PATH: /snap/bin


## ----------- ##
## Core tests. ##
## ----------- ##

configure:2762: checking for a BSD-compatible install
configure:2830: result: /usr/bin/install -c
configure:2841: checking whether build environment is sane
configure:2896: result: yes
configure:3047: checking for a thread-safe mkdir -p
configure:3086: result: /bin/mkdir -p
configure:3093: checking for gawk
configure:3109: found /usr/bin/gawk
configure:3120: result: gawk
configure:3131: checking whether make sets $(MAKE)
configure:3153: result: yes
configure:3182: checking whether make supports nested variables
configure:3199: result: yes
configure:3333: checking build system type
configure:3347: result: x86_64-pc-linux-gnu
configure:3367: checking host system type
configure:3380: result: x86_64-pc-linux-gnu
configure:3401: checking whether to enable maintainer-specific portions of Makefiles
configure:3410: result: no
configure:3434: checking whether make supports nested variables
configure:3451: result: yes
configure:3495: checking whether make sets $(MAKE)
configure:3517: result: yes
configure:3588: checking for gcc
configure:3604: found /usr/bin/gcc
configure:3615: result: gcc
configure:3844: checking for C compiler version
configure:3853: gcc --version >&5
gcc (Ubuntu 5.4.0-6ubuntu1~16.04.4) 5.4.0 20160609
Copyright (C) 2015 Free Software Foundation, Inc.
This is free software; see the source for copying conditions.  There is NO
warranty; not even for MERCHANTABILITY or FITNESS FOR A PARTICULAR PURPOSE.

configure:3864: $? = 0
configure:3853: gcc -v >&5
Using built-in specs.
COLLECT_GCC=gcc
COLLECT_LTO_WRAPPER=/usr/lib/gcc/x86_64-linux-gnu/5/lto-wrapper
Target: x86_64-linux-gnu
Configured with: ../src/configure -v --with-pkgversion='Ubuntu 5.4.0-6ubuntu1~16.04.4' --with-bugurl=file:///usr/share/doc/gcc-5/README.Bugs --enable-languages=c,ada,c++,java,go,d,fortran,objc,obj-c++ --prefix=/usr --program-suffix=-5 --enable-shared --enable-linker-build-id --libexecdir=/usr/lib --without-included-gettext --enable-threads=posix --libdir=/usr/lib --enable-nls --with-sysroot=/ --enable-clocale=gnu --enable-libstdcxx-debug --enable-libstdcxx-time=yes --with-default-libstdcxx-abi=new --enable-gnu-unique-object --disable-vtable-verify --enable-libmpx --enable-plugin --with-system-zlib --disable-browser-plugin --enable-java-awt=gtk --enable-gtk-cairo --with-java-home=/usr/lib/jvm/java-1.5.0-gcj-5-amd64/jre --enable-java-home --with-jvm-root-dir=/usr/lib/jvm/java-1.5.0-gcj-5-amd64 --with-jvm-jar-dir=/usr/lib/jvm-exports/java-1.5.0-gcj-5-amd64 --with-arch-directory=amd64 --with-ecj-jar=/usr/share/java/eclipse-ecj.jar --enable-objc-gc --enable-multiarch --disable-werror --with-arch-32=i686 --with-abi=m64 --with-multilib-list=m32,m64,mx32 --enable-multilib --with-tune=generic --enable-checking=release --build=x86_64-linux-gnu --host=x86_64-linux-gnu --target=x86_64-linux-gnu
Thread model: posix
gcc version 5.4.0 20160609 (Ubuntu 5.4.0-6ubuntu1~16.04.4) 
configure:3864: $? = 0
configure:3853: gcc -V >&5
gcc: error: unrecognized command line option '-V'
gcc: fatal error: no input files
compilation terminated.
configure:3864: $? = 1
configure:3853: gcc -qversion >&5
gcc: error: unrecognized command line option '-qversion'
gcc: fatal error: no input files
compilation terminated.
configure:3864: $? = 1
configure:3884: checking whether the C compiler works
configure:3906: gcc    conftest.c  >&5
configure:3910: $? = 0
configure:3958: result: yes
configure:3961: checking for C compiler default output file name
configure:3963: result: a.out
configure:3969: checking for suffix of executables
configure:3976: gcc -o conftest    conftest.c  >&5
configure:3980: $? = 0
configure:4002: result: 
configure:4024: checking whether we are cross compiling
configure:4032: gcc -o conftest    conftest.c  >&5
configure:4036: $? = 0
configure:4043: ./conftest
configure:4047: $? = 0
configure:4062: result: no
configure:4067: checking for suffix of object files
configure:4089: gcc -c   conftest.c >&5
configure:4093: $? = 0
configure:4114: result: o
configure:4118: checking whether we are using the GNU C compiler
configure:4137: gcc -c   conftest.c >&5
configure:4137: $? = 0
configure:4146: result: yes
configure:4155: checking whether gcc accepts -g
configure:4175: gcc -c -g  conftest.c >&5
configure:4175: $? = 0
configure:4216: result: yes
configure:4233: checking for gcc option to accept ISO C89
configure:4296: gcc  -c -g -O2  conftest.c >&5
configure:4296: $? = 0
configure:4309: result: none needed
configure:4334: checking whether gcc understands -c and -o together
configure:4356: gcc -c conftest.c -o conftest2.o
configure:4359: $? = 0
configure:4356: gcc -c conftest.c -o conftest2.o
configure:4359: $? = 0
configure:4371: result: yes
configure:4399: checking for style of include used by make
configure:4427: result: GNU
configure:4453: checking dependency style of gcc
configure:4564: result: gcc3
configure:4584: checking how to run the C preprocessor
configure:4615: gcc -E  conftest.c
configure:4615: $? = 0
configure:4629: gcc -E  conftest.c
conftest.c:13:28: fatal error: ac_nonexistent.h: No such file or directory
compilation terminated.
configure:4629: $? = 1
configure: failed program was:
| /* confdefs.h */
| #define PACKAGE_NAME "libgcrypt"
| #define PACKAGE_TARNAME "libgcrypt"
| #define PACKAGE_VERSION "1.7.6"
| #define PACKAGE_STRING "libgcrypt 1.7.6"
| #define PACKAGE_BUGREPORT "http://bugs.gnupg.org"
| #define PACKAGE_URL ""
| #define PACKAGE "libgcrypt"
| #define VERSION "1.7.6"
| #define PACKAGE "libgcrypt"
| #define VERSION "1.7.6"
| /* end confdefs.h.  */
| #include <ac_nonexistent.h>
configure:4654: result: gcc -E
configure:4674: gcc -E  conftest.c
configure:4674: $? = 0
configure:4688: gcc -E  conftest.c
conftest.c:13:28: fatal error: ac_nonexistent.h: No such file or directory
compilation terminated.
configure:4688: $? = 1
configure: failed program was:
| /* confdefs.h */
| #define PACKAGE_NAME "libgcrypt"
| #define PACKAGE_TARNAME "libgcrypt"
| #define PACKAGE_VERSION "1.7.6"
| #define PACKAGE_STRING "libgcrypt 1.7.6"
| #define PACKAGE_BUGREPORT "http://bugs.gnupg.org"
| #define PACKAGE_URL ""
| #define PACKAGE "libgcrypt"
| #define VERSION "1.7.6"
| #define PACKAGE "libgcrypt"
| #define VERSION "1.7.6"
| /* end confdefs.h.  */
| #include <ac_nonexistent.h>
configure:4726: checking dependency style of gcc
configure:4835: result: gcc3
configure:4851: checking for library containing strerror
configure:4882: gcc -o conftest -g -O2   conftest.c  >&5
configure:4882: $? = 0
configure:4899: result: none required
configure:4912: checking for gawk
configure:4939: result: gawk
configure:4952: checking for grep that handles long lines and -e
configure:5010: result: /bin/grep
configure:5015: checking for egrep
configure:5077: result: /bin/grep -E
configure:5082: checking for ANSI C header files
configure:5102: gcc -c -g -O2  conftest.c >&5
configure:5102: $? = 0
configure:5175: gcc -o conftest -g -O2   conftest.c  >&5
configure:5175: $? = 0
configure:5175: ./conftest
configure:5175: $? = 0
configure:5186: result: yes
configure:5199: checking for sys/types.h
configure:5199: gcc -c -g -O2  conftest.c >&5
configure:5199: $? = 0
configure:5199: result: yes
configure:5199: checking for sys/stat.h
configure:5199: gcc -c -g -O2  conftest.c >&5
configure:5199: $? = 0
configure:5199: result: yes
configure:5199: checking for stdlib.h
configure:5199: gcc -c -g -O2  conftest.c >&5
configure:5199: $? = 0
configure:5199: result: yes
configure:5199: checking for string.h
configure:5199: gcc -c -g -O2  conftest.c >&5
configure:5199: $? = 0
configure:5199: result: yes
configure:5199: checking for memory.h
configure:5199: gcc -c -g -O2  conftest.c >&5
configure:5199: $? = 0
configure:5199: result: yes
configure:5199: checking for strings.h
configure:5199: gcc -c -g -O2  conftest.c >&5
configure:5199: $? = 0
configure:5199: result: yes
configure:5199: checking for inttypes.h
configure:5199: gcc -c -g -O2  conftest.c >&5
configure:5199: $? = 0
configure:5199: result: yes
configure:5199: checking for stdint.h
configure:5199: gcc -c -g -O2  conftest.c >&5
configure:5199: $? = 0
configure:5199: result: yes
configure:5199: checking for unistd.h
configure:5199: gcc -c -g -O2  conftest.c >&5
configure:5199: $? = 0
configure:5199: result: yes
configure:5212: checking minix/config.h usability
configure:5212: gcc -c -g -O2  conftest.c >&5
conftest.c:56:26: fatal error: minix/config.h: No such file or directory
compilation terminated.
configure:5212: $? = 1
configure: failed program was:
| /* confdefs.h */
| #define PACKAGE_NAME "libgcrypt"
| #define PACKAGE_TARNAME "libgcrypt"
| #define PACKAGE_VERSION "1.7.6"
| #define PACKAGE_STRING "libgcrypt 1.7.6"
| #define PACKAGE_BUGREPORT "http://bugs.gnupg.org"
| #define PACKAGE_URL ""
| #define PACKAGE "libgcrypt"
| #define VERSION "1.7.6"
| #define PACKAGE "libgcrypt"
| #define VERSION "1.7.6"
| #define STDC_HEADERS 1
| #define HAVE_SYS_TYPES_H 1
| #define HAVE_SYS_STAT_H 1
| #define HAVE_STDLIB_H 1
| #define HAVE_STRING_H 1
| #define HAVE_MEMORY_H 1
| #define HAVE_STRINGS_H 1
| #define HAVE_INTTYPES_H 1
| #define HAVE_STDINT_H 1
| #define HAVE_UNISTD_H 1
| /* end confdefs.h.  */
| #include <stdio.h>
| #ifdef HAVE_SYS_TYPES_H
| # include <sys/types.h>
| #endif
| #ifdef HAVE_SYS_STAT_H
| # include <sys/stat.h>
| #endif
| #ifdef STDC_HEADERS
| # include <stdlib.h>
| # include <stddef.h>
| #else
| # ifdef HAVE_STDLIB_H
| #  include <stdlib.h>
| # endif
| #endif
| #ifdef HAVE_STRING_H
| # if !defined STDC_HEADERS && defined HAVE_MEMORY_H
| #  include <memory.h>
| # endif
| # include <string.h>
| #endif
| #ifdef HAVE_STRINGS_H
| # include <strings.h>
| #endif
| #ifdef HAVE_INTTYPES_H
| # include <inttypes.h>
| #endif
| #ifdef HAVE_STDINT_H
| # include <stdint.h>
| #endif
| #ifdef HAVE_UNISTD_H
| # include <unistd.h>
| #endif
| #include <minix/config.h>
configure:5212: result: no
configure:5212: checking minix/config.h presence
configure:5212: gcc -E  conftest.c
conftest.c:23:26: fatal error: minix/config.h: No such file or directory
compilation terminated.
configure:5212: $? = 1
configure: failed program was:
| /* confdefs.h */
| #define PACKAGE_NAME "libgcrypt"
| #define PACKAGE_TARNAME "libgcrypt"
| #define PACKAGE_VERSION "1.7.6"
| #define PACKAGE_STRING "libgcrypt 1.7.6"
| #define PACKAGE_BUGREPORT "http://bugs.gnupg.org"
| #define PACKAGE_URL ""
| #define PACKAGE "libgcrypt"
| #define VERSION "1.7.6"
| #define PACKAGE "libgcrypt"
| #define VERSION "1.7.6"
| #define STDC_HEADERS 1
| #define HAVE_SYS_TYPES_H 1
| #define HAVE_SYS_STAT_H 1
| #define HAVE_STDLIB_H 1
| #define HAVE_STRING_H 1
| #define HAVE_MEMORY_H 1
| #define HAVE_STRINGS_H 1
| #define HAVE_INTTYPES_H 1
| #define HAVE_STDINT_H 1
| #define HAVE_UNISTD_H 1
| /* end confdefs.h.  */
| #include <minix/config.h>
configure:5212: result: no
configure:5212: checking for minix/config.h
configure:5212: result: no
configure:5233: checking whether it is safe to define __EXTENSIONS__
configure:5251: gcc -c -g -O2  conftest.c >&5
configure:5251: $? = 0
configure:5258: result: yes
configure:5280: checking for cc for build
configure:5287: result: gcc
configure:5339: checking how to print strings
configure:5366: result: printf
configure:5387: checking for a sed that does not truncate output
configure:5451: result: /bin/sed
configure:5469: checking for fgrep
configure:5531: result: /bin/grep -F
configure:5566: checking for ld used by gcc
configure:5633: result: /usr/bin/ld
configure:5640: checking if the linker (/usr/bin/ld) is GNU ld
configure:5655: result: yes
configure:5667: checking for BSD- or MS-compatible name lister (nm)
configure:5716: result: /usr/bin/nm -B
configure:5846: checking the name lister (/usr/bin/nm -B) interface
configure:5853: gcc -c -g -O2  conftest.c >&5
configure:5856: /usr/bin/nm -B "conftest.o"
configure:5859: output
0000000000000000 B some_variable
configure:5866: result: BSD nm
configure:5869: checking whether ln -s works
configure:5873: result: yes
configure:5881: checking the maximum length of command line arguments
configure:6011: result: 1572864
configure:6028: checking whether the shell understands some XSI constructs
configure:6038: result: yes
configure:6042: checking whether the shell understands "+="
configure:6048: result: yes
configure:6083: checking how to convert x86_64-pc-linux-gnu file names to x86_64-pc-linux-gnu format
configure:6123: result: func_convert_file_noop
configure:6130: checking how to convert x86_64-pc-linux-gnu file names to toolchain format
configure:6150: result: func_convert_file_noop
configure:6157: checking for /usr/bin/ld option to reload object files
configure:6164: result: -r
configure:6238: checking for objdump
configure:6254: found /usr/bin/objdump
configure:6265: result: objdump
configure:6294: checking how to recognize dependent libraries
configure:6496: result: pass_all
configure:6581: checking for dlltool
configure:6611: result: no
configure:6638: checking how to associate runtime and link libraries
configure:6665: result: printf %s\n
configure:6725: checking for ar
configure:6741: found /usr/bin/ar
configure:6752: result: ar
configure:6789: checking for archiver @FILE support
configure:6806: gcc -c -g -O2  conftest.c >&5
configure:6806: $? = 0
configure:6809: ar cru libconftest.a @conftest.lst >&5
ar: `u' modifier ignored since `D' is the default (see `U')
configure:6812: $? = 0
configure:6817: ar cru libconftest.a @conftest.lst >&5
ar: `u' modifier ignored since `D' is the default (see `U')
ar: conftest.o: No such file or directory
configure:6820: $? = 1
configure:6832: result: @
configure:6890: checking for strip
configure:6906: found /usr/bin/strip
configure:6917: result: strip
configure:6989: checking for ranlib
configure:7005: found /usr/bin/ranlib
configure:7016: result: ranlib
configure:7118: checking command to parse /usr/bin/nm -B output from gcc object
configure:7238: gcc -c -g -O2  conftest.c >&5
configure:7241: $? = 0
configure:7245: /usr/bin/nm -B conftest.o \| sed -n -e 's/^.*[ ]\([ABCDGIRSTW][ABCDGIRSTW]*\)[ ][ ]*\([_A-Za-z][_A-Za-z0-9]*\)$/\1 \2 \2/p' | sed '/ __gnu_lto/d' \> conftest.nm
configure:7248: $? = 0
configure:7314: gcc -o conftest -g -O2   conftest.c conftstm.o >&5
configure:7317: $? = 0
configure:7355: result: ok
configure:7392: checking for sysroot
configure:7422: result: no
configure:7499: gcc -c -g -O2  conftest.c >&5
configure:7502: $? = 0
configure:7684: checking for mt
configure:7700: found /bin/mt
configure:7711: result: mt
configure:7734: checking if mt is a manifest tool
configure:7740: mt '-?'
configure:7748: result: no
configure:8387: checking for dlfcn.h
configure:8387: gcc -c -g -O2  conftest.c >&5
configure:8387: $? = 0
configure:8387: result: yes
configure:8890: checking for objdir
configure:8905: result: .libs
configure:9176: checking if gcc supports -fno-rtti -fno-exceptions
configure:9194: gcc -c -g -O2  -fno-rtti -fno-exceptions conftest.c >&5
cc1: warning: command line option '-fno-rtti' is valid for C++/ObjC++ but not for C
configure:9198: $? = 0
configure:9211: result: no
configure:9538: checking for gcc option to produce PIC
configure:9545: result: -fPIC -DPIC
configure:9553: checking if gcc PIC flag -fPIC -DPIC works
configure:9571: gcc -c -g -O2  -fPIC -DPIC -DPIC conftest.c >&5
configure:9575: $? = 0
configure:9588: result: yes
configure:9617: checking if gcc static flag -static works
configure:9645: result: yes
configure:9660: checking if gcc supports -c -o file.o
configure:9681: gcc -c -g -O2  -o out/conftest2.o conftest.c >&5
configure:9685: $? = 0
configure:9707: result: yes
configure:9715: checking if gcc supports -c -o file.o
configure:9762: result: yes
configure:9795: checking whether the gcc linker (/usr/bin/ld -m elf_x86_64) supports shared libraries
configure:10952: result: yes
configure:10989: checking whether -lc should be explicitly linked in
configure:10997: gcc -c -g -O2  conftest.c >&5
configure:11000: $? = 0
configure:11015: gcc -shared  -fPIC -DPIC conftest.o  -v -Wl,-soname -Wl,conftest -o conftest 2\>\&1 \| /bin/grep  -lc  \>/dev/null 2\>\&1
configure:11018: $? = 0
configure:11032: result: no
configure:11192: checking dynamic linker characteristics
configure:11723: gcc -o conftest -g -O2   -Wl,-rpath -Wl,/foo conftest.c  >&5
configure:11723: $? = 0
configure:11957: result: GNU/Linux ld.so
configure:12064: checking how to hardcode library paths into programs
configure:12089: result: immediate
configure:12629: checking whether stripping libraries is possible
configure:12634: result: yes
configure:12669: checking if libtool supports shared libraries
configure:12671: result: yes
configure:12674: checking whether to build shared libraries
configure:12695: result: yes
configure:12698: checking whether to build static libraries
configure:12702: result: no
configure:12782: checking for windres
configure:12812: result: no
configure:13100: checking whether byte ordering is bigendian
configure:13115: gcc -c -g -O2  conftest.c >&5
conftest.c:31:9: error: unknown type name 'not'
         not a universal capable compiler
         ^
conftest.c:31:15: error: expected '=', ',', ';', 'asm' or '__attribute__' before 'universal'
         not a universal capable compiler
               ^
conftest.c:31:15: error: unknown type name 'universal'
configure:13115: $? = 1
configure: failed program was:
| /* confdefs.h */
| #define PACKAGE_NAME "libgcrypt"
| #define PACKAGE_TARNAME "libgcrypt"
| #define PACKAGE_VERSION "1.7.6"
| #define PACKAGE_STRING "libgcrypt 1.7.6"
| #define PACKAGE_BUGREPORT "http://bugs.gnupg.org"
| #define PACKAGE_URL ""
| #define PACKAGE "libgcrypt"
| #define VERSION "1.7.6"
| #define PACKAGE "libgcrypt"
| #define VERSION "1.7.6"
| #define STDC_HEADERS 1
| #define HAVE_SYS_TYPES_H 1
| #define HAVE_SYS_STAT_H 1
| #define HAVE_STDLIB_H 1
| #define HAVE_STRING_H 1
| #define HAVE_MEMORY_H 1
| #define HAVE_STRINGS_H 1
| #define HAVE_INTTYPES_H 1
| #define HAVE_STDINT_H 1
| #define HAVE_UNISTD_H 1
| #define __EXTENSIONS__ 1
| #define _ALL_SOURCE 1
| #define _GNU_SOURCE 1
| #define _POSIX_PTHREAD_SEMANTICS 1
| #define _TANDEM_SOURCE 1
| #define HAVE_DLFCN_H 1
| #define LT_OBJDIR ".libs/"
| /* end confdefs.h.  */
| #ifndef __APPLE_CC__
| 	       not a universal capable compiler
| 	     #endif
| 	     typedef int dummy;
| 
configure:13160: gcc -c -g -O2  conftest.c >&5
configure:13160: $? = 0
configure:13178: gcc -c -g -O2  conftest.c >&5
conftest.c: In function 'main':
conftest.c:37:4: error: unknown type name 'not'
    not big endian
    ^
conftest.c:37:12: error: expected '=', ',', ';', 'asm' or '__attribute__' before 'endian'
    not big endian
            ^
configure:13178: $? = 1
configure: failed program was:
| /* confdefs.h */
| #define PACKAGE_NAME "libgcrypt"
| #define PACKAGE_TARNAME "libgcrypt"
| #define PACKAGE_VERSION "1.7.6"
| #define PACKAGE_STRING "libgcrypt 1.7.6"
| #define PACKAGE_BUGREPORT "http://bugs.gnupg.org"
| #define PACKAGE_URL ""
| #define PACKAGE "libgcrypt"
| #define VERSION "1.7.6"
| #define PACKAGE "libgcrypt"
| #define VERSION "1.7.6"
| #define STDC_HEADERS 1
| #define HAVE_SYS_TYPES_H 1
| #define HAVE_SYS_STAT_H 1
| #define HAVE_STDLIB_H 1
| #define HAVE_STRING_H 1
| #define HAVE_MEMORY_H 1
| #define HAVE_STRINGS_H 1
| #define HAVE_INTTYPES_H 1
| #define HAVE_STDINT_H 1
| #define HAVE_UNISTD_H 1
| #define __EXTENSIONS__ 1
| #define _ALL_SOURCE 1
| #define _GNU_SOURCE 1
| #define _POSIX_PTHREAD_SEMANTICS 1
| #define _TANDEM_SOURCE 1
| #define HAVE_DLFCN_H 1
| #define LT_OBJDIR ".libs/"
| /* end confdefs.h.  */
| #include <sys/types.h>
| 		#include <sys/param.h>
| 
| int
| main ()
| {
| #if BYTE_ORDER != BIG_ENDIAN
| 		 not big endian
| 		#endif
| 
|   ;
|   return 0;
| }
configure:13306: result: no
configure:13334: checking size of unsigned short
configure:13339: gcc -o conftest -g -O2   conftest.c  >&5
configure:13339: $? = 0
configure:13339: ./conftest
configure:13339: $? = 0
configure:13353: result: 2
configure:13367: checking size of unsigned int
configure:13372: gcc -o conftest -g -O2   conftest.c  >&5
configure:13372: $? = 0
configure:13372: ./conftest
configure:13372: $? = 0
configure:13386: result: 4
configure:13400: checking size of unsigned long
configure:13405: gcc -o conftest -g -O2   conftest.c  >&5
configure:13405: $? = 0
configure:13405: ./conftest
configure:13405: $? = 0
configure:13419: result: 8
configure:13433: checking size of unsigned long long
configure:13438: gcc -o conftest -g -O2   conftest.c  >&5
configure:13438: $? = 0
configure:13438: ./conftest
configure:13438: $? = 0
configure:13452: result: 8
configure:13466: checking size of void *
configure:13471: gcc -o conftest -g -O2   conftest.c  >&5
configure:13471: $? = 0
configure:13471: ./conftest
configure:13471: $? = 0
configure:13485: result: 8
configure:13497: checking for uintptr_t
configure:13497: gcc -c -g -O2  conftest.c >&5
configure:13497: $? = 0
configure:13497: gcc -c -g -O2  conftest.c >&5
conftest.c: In function 'main':
conftest.c:71:24: error: expected expression before ')' token
 if (sizeof ((uintptr_t)))
                        ^
configure:13497: $? = 1
configure: failed program was:
| /* confdefs.h */
| #define PACKAGE_NAME "libgcrypt"
| #define PACKAGE_TARNAME "libgcrypt"
| #define PACKAGE_VERSION "1.7.6"
| #define PACKAGE_STRING "libgcrypt 1.7.6"
| #define PACKAGE_BUGREPORT "http://bugs.gnupg.org"
| #define PACKAGE_URL ""
| #define PACKAGE "libgcrypt"
| #define VERSION "1.7.6"
| #define PACKAGE "libgcrypt"
| #define VERSION "1.7.6"
| #define STDC_HEADERS 1
| #define HAVE_SYS_TYPES_H 1
| #define HAVE_SYS_STAT_H 1
| #define HAVE_STDLIB_H 1
| #define HAVE_STRING_H 1
| #define HAVE_MEMORY_H 1
| #define HAVE_STRINGS_H 1
| #define HAVE_INTTYPES_H 1
| #define HAVE_STDINT_H 1
| #define HAVE_UNISTD_H 1
| #define __EXTENSIONS__ 1
| #define _ALL_SOURCE 1
| #define _GNU_SOURCE 1
| #define _POSIX_PTHREAD_SEMANTICS 1
| #define _TANDEM_SOURCE 1
| #define HAVE_DLFCN_H 1
| #define LT_OBJDIR ".libs/"
| #define SIZEOF_UNSIGNED_SHORT 2
| #define SIZEOF_UNSIGNED_INT 4
| #define SIZEOF_UNSIGNED_LONG 8
| #define SIZEOF_UNSIGNED_LONG_LONG 8
| #define SIZEOF_VOID_P 8
| /* end confdefs.h.  */
| #include <stdio.h>
| #ifdef HAVE_SYS_TYPES_H
| # include <sys/types.h>
| #endif
| #ifdef HAVE_SYS_STAT_H
| # include <sys/stat.h>
| #endif
| #ifdef STDC_HEADERS
| # include <stdlib.h>
| # include <stddef.h>
| #else
| # ifdef HAVE_STDLIB_H
| #  include <stdlib.h>
| # endif
| #endif
| #ifdef HAVE_STRING_H
| # if !defined STDC_HEADERS && defined HAVE_MEMORY_H
| #  include <memory.h>
| # endif
| # include <string.h>
| #endif
| #ifdef HAVE_STRINGS_H
| # include <strings.h>
| #endif
| #ifdef HAVE_INTTYPES_H
| # include <inttypes.h>
| #endif
| #ifdef HAVE_STDINT_H
| # include <stdint.h>
| #endif
| #ifdef HAVE_UNISTD_H
| # include <unistd.h>
| #endif
| int
| main ()
| {
| if (sizeof ((uintptr_t)))
| 	    return 0;
|   ;
|   return 0;
| }
configure:13497: result: yes
configure:13542: checking for UINT64_C
configure:13558: gcc -c -g -O2  conftest.c >&5
configure:13558: $? = 0
configure:13565: result: yes
configure:13572: checking size of uint64_t
configure:13577: gcc -o conftest -g -O2   conftest.c  >&5
configure:13577: $? = 0
configure:13577: ./conftest
configure:13577: $? = 0
configure:13591: result: 8
configure:13650: checking which symmetric ciphers to include
configure:13668: result: arcfour blowfish cast5 des aes twofish serpent rfc2268 seed camellia idea salsa20 gost28147 chacha20
configure:13684: checking which public-key ciphers to include
configure:13702: result: dsa elgamal rsa ecc
configure:13718: checking which message digests to include
configure:13736: result: crc gostr3411-94  md4 md5 rmd160 sha1 sha256 sha512 sha3 tiger whirlpool stribog
configure:13752: checking which key derivation functions to include
configure:13770: result: s2k pkdf2 scrypt
configure:13782: checking which random module to use
configure:13800: result: default
configure:13804: checking whether use of /dev/random is requested
configure:13813: result: yes
configure:13832: checking whether the experimental random daemon is requested
configure:13841: result: no
configure:13859: checking whether MPI assembler modules are requested
configure:13868: result: yes
configure:13872: checking whether memory guard is requested
configure:13881: result: no
configure:13890: checking whether to run large data tests
configure:13899: result: no
configure:13907: checking whether use of capabilities is requested
configure:13917: result: no
configure:13921: checking whether a HMAC binary check is requested
configure:13930: result: no
configure:13940: checking whether padlock support is requested
configure:13949: result: yes
configure:13953: checking whether AESNI support is requested
configure:13962: result: yes
configure:13966: checking whether PCLMUL support is requested
configure:13975: result: yes
configure:13979: checking whether SSE4.1 support is requested
configure:13988: result: yes
configure:13992: checking whether DRNG support is requested
configure:14001: result: yes
configure:14005: checking whether AVX support is requested
configure:14014: result: yes
configure:14018: checking whether AVX2 support is requested
configure:14027: result: yes
configure:14031: checking whether NEON support is requested
configure:14040: result: yes
configure:14044: checking whether ARMv8 Crypto Extension support is requested
configure:14053: result: yes
configure:14057: checking whether a -O flag munging is requested
configure:14066: result: yes
configure:14078: checking whether to enable AMD64 as(1) feature detection
configure:14087: result: yes
configure:14181: checking for gpg-error-config
configure:14199: found /usr/local/bin/gpg-error-config
configure:14212: result: /usr/local/bin/gpg-error-config
configure:14221: checking for GPG Error - version >= 1.13
configure:14250: result: yes (1.27)
configure:14472: checking for pthread_create in -lpthread
configure:14497: gcc -o conftest -g -O2   conftest.c -lpthread   >&5
configure:14497: $? = 0
configure:14506: result: yes
configure:14522: checking for library containing setsockopt
configure:14553: gcc -o conftest -g -O2   conftest.c  >&5
configure:14553: $? = 0
configure:14570: result: none required
configure:14635: checking for library containing setsockopt
configure:14683: result: none required
configure:14696: checking for ANSI C header files
configure:14800: result: yes
configure:14811: checking for unistd.h
configure:14811: result: yes
configure:14811: checking sys/select.h usability
configure:14811: gcc -c -g -O2  conftest.c >&5
configure:14811: $? = 0
configure:14811: result: yes
configure:14811: checking sys/select.h presence
configure:14811: gcc -E  conftest.c
configure:14811: $? = 0
configure:14811: result: yes
configure:14811: checking for sys/select.h
configure:14811: result: yes
configure:14811: checking sys/msg.h usability
configure:14811: gcc -c -g -O2  conftest.c >&5
configure:14811: $? = 0
configure:14811: result: yes
configure:14811: checking sys/msg.h presence
configure:14811: gcc -E  conftest.c
configure:14811: $? = 0
configure:14811: result: yes
configure:14811: checking for sys/msg.h
configure:14811: result: yes
configure:14833: checking for an ANSI C-conforming const
configure:14899: gcc -c -g -O2  conftest.c >&5
configure:14899: $? = 0
configure:14906: result: yes
configure:14914: checking for inline
configure:14930: gcc -c -g -O2  conftest.c >&5
configure:14930: $? = 0
configure:14938: result: inline
configure:14956: checking for size_t
configure:14956: gcc -c -g -O2  conftest.c >&5
configure:14956: $? = 0
configure:14956: gcc -c -g -O2  conftest.c >&5
conftest.c: In function 'main':
conftest.c:83:21: error: expected expression before ')' token
 if (sizeof ((size_t)))
                     ^
configure:14956: $? = 1
configure: failed program was:
| /* confdefs.h */
| #define PACKAGE_NAME "libgcrypt"
| #define PACKAGE_TARNAME "libgcrypt"
| #define PACKAGE_VERSION "1.7.6"
| #define PACKAGE_STRING "libgcrypt 1.7.6"
| #define PACKAGE_BUGREPORT "http://bugs.gnupg.org"
| #define PACKAGE_URL ""
| #define PACKAGE "libgcrypt"
| #define VERSION "1.7.6"
| #define PACKAGE "libgcrypt"
| #define VERSION "1.7.6"
| #define STDC_HEADERS 1
| #define HAVE_SYS_TYPES_H 1
| #define HAVE_SYS_STAT_H 1
| #define HAVE_STDLIB_H 1
| #define HAVE_STRING_H 1
| #define HAVE_MEMORY_H 1
| #define HAVE_STRINGS_H 1
| #define HAVE_INTTYPES_H 1
| #define HAVE_STDINT_H 1
| #define HAVE_UNISTD_H 1
| #define __EXTENSIONS__ 1
| #define _ALL_SOURCE 1
| #define _GNU_SOURCE 1
| #define _POSIX_PTHREAD_SEMANTICS 1
| #define _TANDEM_SOURCE 1
| #define HAVE_DLFCN_H 1
| #define LT_OBJDIR ".libs/"
| #define SIZEOF_UNSIGNED_SHORT 2
| #define SIZEOF_UNSIGNED_INT 4
| #define SIZEOF_UNSIGNED_LONG 8
| #define SIZEOF_UNSIGNED_LONG_LONG 8
| #define SIZEOF_VOID_P 8
| #define HAVE_UINTPTR_T 1
| #define SIZEOF_UINT64_T 8
| #define EGD_SOCKET_NAME ""
| #define PRINTABLE_OS_NAME "GNU/Linux"
| #define NAME_OF_DEV_RANDOM "/dev/random"
| #define NAME_OF_DEV_URANDOM "/dev/urandom"
| #define GPG_ERR_SOURCE_DEFAULT GPG_ERR_SOURCE_GCRYPT
| #define HAVE_PTHREAD 1 
| #define STDC_HEADERS 1
| #define HAVE_UNISTD_H 1
| #define HAVE_SYS_SELECT_H 1
| #define HAVE_SYS_MSG_H 1
| /* end confdefs.h.  */
| #include <stdio.h>
| #ifdef HAVE_SYS_TYPES_H
| # include <sys/types.h>
| #endif
| #ifdef HAVE_SYS_STAT_H
| # include <sys/stat.h>
| #endif
| #ifdef STDC_HEADERS
| # include <stdlib.h>
| # include <stddef.h>
| #else
| # ifdef HAVE_STDLIB_H
| #  include <stdlib.h>
| # endif
| #endif
| #ifdef HAVE_STRING_H
| # if !defined STDC_HEADERS && defined HAVE_MEMORY_H
| #  include <memory.h>
| # endif
| # include <string.h>
| #endif
| #ifdef HAVE_STRINGS_H
| # include <strings.h>
| #endif
| #ifdef HAVE_INTTYPES_H
| # include <inttypes.h>
| #endif
| #ifdef HAVE_STDINT_H
| # include <stdint.h>
| #endif
| #ifdef HAVE_UNISTD_H
| # include <unistd.h>
| #endif
| int
| main ()
| {
| if (sizeof ((size_t)))
| 	    return 0;
|   ;
|   return 0;
| }
configure:14956: result: yes
configure:14967: checking return type of signal handlers
configure:14985: gcc -c -g -O2  conftest.c >&5
conftest.c: In function 'main':
conftest.c:53:9: error: void value not ignored as it ought to be
 return *(signal (0, 0)) (0) == 1;
         ^
configure:14985: $? = 1
configure: failed program was:
| /* confdefs.h */
| #define PACKAGE_NAME "libgcrypt"
| #define PACKAGE_TARNAME "libgcrypt"
| #define PACKAGE_VERSION "1.7.6"
| #define PACKAGE_STRING "libgcrypt 1.7.6"
| #define PACKAGE_BUGREPORT "http://bugs.gnupg.org"
| #define PACKAGE_URL ""
| #define PACKAGE "libgcrypt"
| #define VERSION "1.7.6"
| #define PACKAGE "libgcrypt"
| #define VERSION "1.7.6"
| #define STDC_HEADERS 1
| #define HAVE_SYS_TYPES_H 1
| #define HAVE_SYS_STAT_H 1
| #define HAVE_STDLIB_H 1
| #define HAVE_STRING_H 1
| #define HAVE_MEMORY_H 1
| #define HAVE_STRINGS_H 1
| #define HAVE_INTTYPES_H 1
| #define HAVE_STDINT_H 1
| #define HAVE_UNISTD_H 1
| #define __EXTENSIONS__ 1
| #define _ALL_SOURCE 1
| #define _GNU_SOURCE 1
| #define _POSIX_PTHREAD_SEMANTICS 1
| #define _TANDEM_SOURCE 1
| #define HAVE_DLFCN_H 1
| #define LT_OBJDIR ".libs/"
| #define SIZEOF_UNSIGNED_SHORT 2
| #define SIZEOF_UNSIGNED_INT 4
| #define SIZEOF_UNSIGNED_LONG 8
| #define SIZEOF_UNSIGNED_LONG_LONG 8
| #define SIZEOF_VOID_P 8
| #define HAVE_UINTPTR_T 1
| #define SIZEOF_UINT64_T 8
| #define EGD_SOCKET_NAME ""
| #define PRINTABLE_OS_NAME "GNU/Linux"
| #define NAME_OF_DEV_RANDOM "/dev/random"
| #define NAME_OF_DEV_URANDOM "/dev/urandom"
| #define GPG_ERR_SOURCE_DEFAULT GPG_ERR_SOURCE_GCRYPT
| #define HAVE_PTHREAD 1 
| #define STDC_HEADERS 1
| #define HAVE_UNISTD_H 1
| #define HAVE_SYS_SELECT_H 1
| #define HAVE_SYS_MSG_H 1
| /* end confdefs.h.  */
| #include <sys/types.h>
| #include <signal.h>
| 
| int
| main ()
| {
| return *(signal (0, 0)) (0) == 1;
|   ;
|   return 0;
| }
configure:14992: result: void
configure:15000: checking whether sys_siglist is declared
configure:15000: gcc -c -g -O2  conftest.c >&5
configure:15000: $? = 0
configure:15000: result: yes
configure:15018: checking for pid_t
configure:15018: gcc -c -g -O2  conftest.c >&5
configure:15018: $? = 0
configure:15018: gcc -c -g -O2  conftest.c >&5
conftest.c: In function 'main':
conftest.c:85:20: error: expected expression before ')' token
 if (sizeof ((pid_t)))
                    ^
configure:15018: $? = 1
configure: failed program was:
| /* confdefs.h */
| #define PACKAGE_NAME "libgcrypt"
| #define PACKAGE_TARNAME "libgcrypt"
| #define PACKAGE_VERSION "1.7.6"
| #define PACKAGE_STRING "libgcrypt 1.7.6"
| #define PACKAGE_BUGREPORT "http://bugs.gnupg.org"
| #define PACKAGE_URL ""
| #define PACKAGE "libgcrypt"
| #define VERSION "1.7.6"
| #define PACKAGE "libgcrypt"
| #define VERSION "1.7.6"
| #define STDC_HEADERS 1
| #define HAVE_SYS_TYPES_H 1
| #define HAVE_SYS_STAT_H 1
| #define HAVE_STDLIB_H 1
| #define HAVE_STRING_H 1
| #define HAVE_MEMORY_H 1
| #define HAVE_STRINGS_H 1
| #define HAVE_INTTYPES_H 1
| #define HAVE_STDINT_H 1
| #define HAVE_UNISTD_H 1
| #define __EXTENSIONS__ 1
| #define _ALL_SOURCE 1
| #define _GNU_SOURCE 1
| #define _POSIX_PTHREAD_SEMANTICS 1
| #define _TANDEM_SOURCE 1
| #define HAVE_DLFCN_H 1
| #define LT_OBJDIR ".libs/"
| #define SIZEOF_UNSIGNED_SHORT 2
| #define SIZEOF_UNSIGNED_INT 4
| #define SIZEOF_UNSIGNED_LONG 8
| #define SIZEOF_UNSIGNED_LONG_LONG 8
| #define SIZEOF_VOID_P 8
| #define HAVE_UINTPTR_T 1
| #define SIZEOF_UINT64_T 8
| #define EGD_SOCKET_NAME ""
| #define PRINTABLE_OS_NAME "GNU/Linux"
| #define NAME_OF_DEV_RANDOM "/dev/random"
| #define NAME_OF_DEV_URANDOM "/dev/urandom"
| #define GPG_ERR_SOURCE_DEFAULT GPG_ERR_SOURCE_GCRYPT
| #define HAVE_PTHREAD 1 
| #define STDC_HEADERS 1
| #define HAVE_UNISTD_H 1
| #define HAVE_SYS_SELECT_H 1
| #define HAVE_SYS_MSG_H 1
| #define RETSIGTYPE void
| #define HAVE_DECL_SYS_SIGLIST 1
| /* end confdefs.h.  */
| #include <stdio.h>
| #ifdef HAVE_SYS_TYPES_H
| # include <sys/types.h>
| #endif
| #ifdef HAVE_SYS_STAT_H
| # include <sys/stat.h>
| #endif
| #ifdef STDC_HEADERS
| # include <stdlib.h>
| # include <stddef.h>
| #else
| # ifdef HAVE_STDLIB_H
| #  include <stdlib.h>
| # endif
| #endif
| #ifdef HAVE_STRING_H
| # if !defined STDC_HEADERS && defined HAVE_MEMORY_H
| #  include <memory.h>
| # endif
| # include <string.h>
| #endif
| #ifdef HAVE_STRINGS_H
| # include <strings.h>
| #endif
| #ifdef HAVE_INTTYPES_H
| # include <inttypes.h>
| #endif
| #ifdef HAVE_STDINT_H
| # include <stdint.h>
| #endif
| #ifdef HAVE_UNISTD_H
| # include <unistd.h>
| #endif
| int
| main ()
| {
| if (sizeof ((pid_t)))
| 	    return 0;
|   ;
|   return 0;
| }
configure:15018: result: yes
configure:15030: checking for byte typedef
configure:15051: gcc -c -g -O2  conftest.c >&5
conftest.c: In function 'main':
conftest.c:57:20: error: 'byte' undeclared (first use in this function)
     int a = sizeof(byte);
                    ^
conftest.c:57:20: note: each undeclared identifier is reported only once for each function it appears in
configure:15051: $? = 1
configure: failed program was:
| /* confdefs.h */
| #define PACKAGE_NAME "libgcrypt"
| #define PACKAGE_TARNAME "libgcrypt"
| #define PACKAGE_VERSION "1.7.6"
| #define PACKAGE_STRING "libgcrypt 1.7.6"
| #define PACKAGE_BUGREPORT "http://bugs.gnupg.org"
| #define PACKAGE_URL ""
| #define PACKAGE "libgcrypt"
| #define VERSION "1.7.6"
| #define PACKAGE "libgcrypt"
| #define VERSION "1.7.6"
| #define STDC_HEADERS 1
| #define HAVE_SYS_TYPES_H 1
| #define HAVE_SYS_STAT_H 1
| #define HAVE_STDLIB_H 1
| #define HAVE_STRING_H 1
| #define HAVE_MEMORY_H 1
| #define HAVE_STRINGS_H 1
| #define HAVE_INTTYPES_H 1
| #define HAVE_STDINT_H 1
| #define HAVE_UNISTD_H 1
| #define __EXTENSIONS__ 1
| #define _ALL_SOURCE 1
| #define _GNU_SOURCE 1
| #define _POSIX_PTHREAD_SEMANTICS 1
| #define _TANDEM_SOURCE 1
| #define HAVE_DLFCN_H 1
| #define LT_OBJDIR ".libs/"
| #define SIZEOF_UNSIGNED_SHORT 2
| #define SIZEOF_UNSIGNED_INT 4
| #define SIZEOF_UNSIGNED_LONG 8
| #define SIZEOF_UNSIGNED_LONG_LONG 8
| #define SIZEOF_VOID_P 8
| #define HAVE_UINTPTR_T 1
| #define SIZEOF_UINT64_T 8
| #define EGD_SOCKET_NAME ""
| #define PRINTABLE_OS_NAME "GNU/Linux"
| #define NAME_OF_DEV_RANDOM "/dev/random"
| #define NAME_OF_DEV_URANDOM "/dev/urandom"
| #define GPG_ERR_SOURCE_DEFAULT GPG_ERR_SOURCE_GCRYPT
| #define HAVE_PTHREAD 1 
| #define STDC_HEADERS 1
| #define HAVE_UNISTD_H 1
| #define HAVE_SYS_SELECT_H 1
| #define HAVE_SYS_MSG_H 1
| #define RETSIGTYPE void
| #define HAVE_DECL_SYS_SIGLIST 1
| /* end confdefs.h.  */
| #define _GNU_SOURCE 1
|     #include <stdlib.h>
|     #include <sys/types.h>
| int
| main ()
| {
| 
|     #undef byte
|     int a = sizeof(byte);
| 
|   ;
|   return 0;
| }
configure:15059: result: no
configure:15067: checking for ushort typedef
configure:15088: gcc -c -g -O2  conftest.c >&5
configure:15088: $? = 0
configure:15096: result: yes
configure:15104: checking for ulong typedef
configure:15125: gcc -c -g -O2  conftest.c >&5
configure:15125: $? = 0
configure:15133: result: yes
configure:15141: checking for u16 typedef
configure:15162: gcc -c -g -O2  conftest.c >&5
conftest.c: In function 'main':
conftest.c:59:20: error: 'u16' undeclared (first use in this function)
     int a = sizeof(u16);
                    ^
conftest.c:59:20: note: each undeclared identifier is reported only once for each function it appears in
configure:15162: $? = 1
configure: failed program was:
| /* confdefs.h */
| #define PACKAGE_NAME "libgcrypt"
| #define PACKAGE_TARNAME "libgcrypt"
| #define PACKAGE_VERSION "1.7.6"
| #define PACKAGE_STRING "libgcrypt 1.7.6"
| #define PACKAGE_BUGREPORT "http://bugs.gnupg.org"
| #define PACKAGE_URL ""
| #define PACKAGE "libgcrypt"
| #define VERSION "1.7.6"
| #define PACKAGE "libgcrypt"
| #define VERSION "1.7.6"
| #define STDC_HEADERS 1
| #define HAVE_SYS_TYPES_H 1
| #define HAVE_SYS_STAT_H 1
| #define HAVE_STDLIB_H 1
| #define HAVE_STRING_H 1
| #define HAVE_MEMORY_H 1
| #define HAVE_STRINGS_H 1
| #define HAVE_INTTYPES_H 1
| #define HAVE_STDINT_H 1
| #define HAVE_UNISTD_H 1
| #define __EXTENSIONS__ 1
| #define _ALL_SOURCE 1
| #define _GNU_SOURCE 1
| #define _POSIX_PTHREAD_SEMANTICS 1
| #define _TANDEM_SOURCE 1
| #define HAVE_DLFCN_H 1
| #define LT_OBJDIR ".libs/"
| #define SIZEOF_UNSIGNED_SHORT 2
| #define SIZEOF_UNSIGNED_INT 4
| #define SIZEOF_UNSIGNED_LONG 8
| #define SIZEOF_UNSIGNED_LONG_LONG 8
| #define SIZEOF_VOID_P 8
| #define HAVE_UINTPTR_T 1
| #define SIZEOF_UINT64_T 8
| #define EGD_SOCKET_NAME ""
| #define PRINTABLE_OS_NAME "GNU/Linux"
| #define NAME_OF_DEV_RANDOM "/dev/random"
| #define NAME_OF_DEV_URANDOM "/dev/urandom"
| #define GPG_ERR_SOURCE_DEFAULT GPG_ERR_SOURCE_GCRYPT
| #define HAVE_PTHREAD 1 
| #define STDC_HEADERS 1
| #define HAVE_UNISTD_H 1
| #define HAVE_SYS_SELECT_H 1
| #define HAVE_SYS_MSG_H 1
| #define RETSIGTYPE void
| #define HAVE_DECL_SYS_SIGLIST 1
| #define HAVE_USHORT_TYPEDEF 1
| #define HAVE_ULONG_TYPEDEF 1
| /* end confdefs.h.  */
| #define _GNU_SOURCE 1
|     #include <stdlib.h>
|     #include <sys/types.h>
| int
| main ()
| {
| 
|     #undef u16
|     int a = sizeof(u16);
| 
|   ;
|   return 0;
| }
configure:15170: result: no
configure:15178: checking for u32 typedef
configure:15199: gcc -c -g -O2  conftest.c >&5
conftest.c: In function 'main':
conftest.c:59:20: error: 'u32' undeclared (first use in this function)
     int a = sizeof(u32);
                    ^
conftest.c:59:20: note: each undeclared identifier is reported only once for each function it appears in
configure:15199: $? = 1
configure: failed program was:
| /* confdefs.h */
| #define PACKAGE_NAME "libgcrypt"
| #define PACKAGE_TARNAME "libgcrypt"
| #define PACKAGE_VERSION "1.7.6"
| #define PACKAGE_STRING "libgcrypt 1.7.6"
| #define PACKAGE_BUGREPORT "http://bugs.gnupg.org"
| #define PACKAGE_URL ""
| #define PACKAGE "libgcrypt"
| #define VERSION "1.7.6"
| #define PACKAGE "libgcrypt"
| #define VERSION "1.7.6"
| #define STDC_HEADERS 1
| #define HAVE_SYS_TYPES_H 1
| #define HAVE_SYS_STAT_H 1
| #define HAVE_STDLIB_H 1
| #define HAVE_STRING_H 1
| #define HAVE_MEMORY_H 1
| #define HAVE_STRINGS_H 1
| #define HAVE_INTTYPES_H 1
| #define HAVE_STDINT_H 1
| #define HAVE_UNISTD_H 1
| #define __EXTENSIONS__ 1
| #define _ALL_SOURCE 1
| #define _GNU_SOURCE 1
| #define _POSIX_PTHREAD_SEMANTICS 1
| #define _TANDEM_SOURCE 1
| #define HAVE_DLFCN_H 1
| #define LT_OBJDIR ".libs/"
| #define SIZEOF_UNSIGNED_SHORT 2
| #define SIZEOF_UNSIGNED_INT 4
| #define SIZEOF_UNSIGNED_LONG 8
| #define SIZEOF_UNSIGNED_LONG_LONG 8
| #define SIZEOF_VOID_P 8
| #define HAVE_UINTPTR_T 1
| #define SIZEOF_UINT64_T 8
| #define EGD_SOCKET_NAME ""
| #define PRINTABLE_OS_NAME "GNU/Linux"
| #define NAME_OF_DEV_RANDOM "/dev/random"
| #define NAME_OF_DEV_URANDOM "/dev/urandom"
| #define GPG_ERR_SOURCE_DEFAULT GPG_ERR_SOURCE_GCRYPT
| #define HAVE_PTHREAD 1 
| #define STDC_HEADERS 1
| #define HAVE_UNISTD_H 1
| #define HAVE_SYS_SELECT_H 1
| #define HAVE_SYS_MSG_H 1
| #define RETSIGTYPE void
| #define HAVE_DECL_SYS_SIGLIST 1
| #define HAVE_USHORT_TYPEDEF 1
| #define HAVE_ULONG_TYPEDEF 1
| /* end confdefs.h.  */
| #define _GNU_SOURCE 1
|     #include <stdlib.h>
|     #include <sys/types.h>
| int
| main ()
| {
| 
|     #undef u32
|     int a = sizeof(u32);
| 
|   ;
|   return 0;
| }
configure:15207: result: no
configure:15219: checking sys/socket.h usability
configure:15219: gcc -c -g -O2  conftest.c >&5
configure:15219: $? = 0
configure:15219: result: yes
configure:15219: checking sys/socket.h presence
configure:15219: gcc -E  conftest.c
configure:15219: $? = 0
configure:15219: result: yes
configure:15219: checking for sys/socket.h
configure:15219: result: yes
configure:15258: checking for socklen_t
configure:15258: gcc -c -g -O2  conftest.c >&5
configure:15258: $? = 0
configure:15258: gcc -c -g -O2  conftest.c >&5
conftest.c: In function 'main':
conftest.c:62:24: error: expected expression before ')' token
 if (sizeof ((socklen_t)))
                        ^
configure:15258: $? = 1
configure: failed program was:
| /* confdefs.h */
| #define PACKAGE_NAME "libgcrypt"
| #define PACKAGE_TARNAME "libgcrypt"
| #define PACKAGE_VERSION "1.7.6"
| #define PACKAGE_STRING "libgcrypt 1.7.6"
| #define PACKAGE_BUGREPORT "http://bugs.gnupg.org"
| #define PACKAGE_URL ""
| #define PACKAGE "libgcrypt"
| #define VERSION "1.7.6"
| #define PACKAGE "libgcrypt"
| #define VERSION "1.7.6"
| #define STDC_HEADERS 1
| #define HAVE_SYS_TYPES_H 1
| #define HAVE_SYS_STAT_H 1
| #define HAVE_STDLIB_H 1
| #define HAVE_STRING_H 1
| #define HAVE_MEMORY_H 1
| #define HAVE_STRINGS_H 1
| #define HAVE_INTTYPES_H 1
| #define HAVE_STDINT_H 1
| #define HAVE_UNISTD_H 1
| #define __EXTENSIONS__ 1
| #define _ALL_SOURCE 1
| #define _GNU_SOURCE 1
| #define _POSIX_PTHREAD_SEMANTICS 1
| #define _TANDEM_SOURCE 1
| #define HAVE_DLFCN_H 1
| #define LT_OBJDIR ".libs/"
| #define SIZEOF_UNSIGNED_SHORT 2
| #define SIZEOF_UNSIGNED_INT 4
| #define SIZEOF_UNSIGNED_LONG 8
| #define SIZEOF_UNSIGNED_LONG_LONG 8
| #define SIZEOF_VOID_P 8
| #define HAVE_UINTPTR_T 1
| #define SIZEOF_UINT64_T 8
| #define EGD_SOCKET_NAME ""
| #define PRINTABLE_OS_NAME "GNU/Linux"
| #define NAME_OF_DEV_RANDOM "/dev/random"
| #define NAME_OF_DEV_URANDOM "/dev/urandom"
| #define GPG_ERR_SOURCE_DEFAULT GPG_ERR_SOURCE_GCRYPT
| #define HAVE_PTHREAD 1 
| #define STDC_HEADERS 1
| #define HAVE_UNISTD_H 1
| #define HAVE_SYS_SELECT_H 1
| #define HAVE_SYS_MSG_H 1
| #define RETSIGTYPE void
| #define HAVE_DECL_SYS_SIGLIST 1
| #define HAVE_USHORT_TYPEDEF 1
| #define HAVE_ULONG_TYPEDEF 1
| #define HAVE_SYS_SOCKET_H 1
| /* end confdefs.h.  */
| #include <sys/types.h>
|       #if HAVE_SYS_SOCKET_H
|       # include <sys/socket.h>
|       #elif HAVE_WS2TCPIP_H
|       # include <ws2tcpip.h>
|       #endif
| 
| int
| main ()
| {
| if (sizeof ((socklen_t)))
| 	    return 0;
|   ;
|   return 0;
| }
configure:15258: result: yes
configure:15335: checking for __builtin_bswap32
configure:15352: gcc -o conftest -g -O2   conftest.c  >&5
configure:15352: $? = 0
configure:15358: result: yes
configure:15370: checking for __builtin_bswap64
configure:15387: gcc -o conftest -g -O2   conftest.c  >&5
configure:15387: $? = 0
configure:15393: result: yes
configure:15405: checking for __builtin_ctz
configure:15422: gcc -o conftest -g -O2   conftest.c  >&5
configure:15422: $? = 0
configure:15428: result: yes
configure:15440: checking whether the variable length arrays are supported
configure:15453: gcc -c -g -O2  conftest.c >&5
configure:15453: $? = 0
configure:15458: result: yes
configure:15470: checking whether the visibility attribute is supported
configure:15493: result: yes
configure:15496: checking for broken visibility attribute
configure:15520: result: no
configure:15524: checking for broken alias attribute
configure:15550: result: no
configure:15554: checking if gcc supports -fvisibility=hidden
configure:15573: gcc -c -fvisibility=hidden  conftest.c >&5
configure:15573: $? = 0
configure:15580: result: yes
configure:15598: checking whether the GCC style aligned attribute is supported
configure:15608: gcc -c -g -O2 -fvisibility=hidden  conftest.c >&5
configure:15608: $? = 0
configure:15613: result: yes
configure:15625: checking whether the GCC style packed attribute is supported
configure:15640: gcc -c -g -O2 -fvisibility=hidden  conftest.c >&5
configure:15640: $? = 0
configure:15645: result: yes
configure:15658: checking whether 'asm' assembler keyword is supported
configure:15668: gcc -c -g -O2 -fvisibility=hidden  conftest.c >&5
configure:15668: $? = 0
configure:15673: result: yes
configure:15675: checking whether '__asm__' assembler keyword is supported
configure:15685: gcc -c -g -O2 -fvisibility=hidden  conftest.c >&5
configure:15685: $? = 0
configure:15690: result: yes
configure:15725: checking whether inline assembly memory barrier is supported
configure:15735: gcc -c -g -O2 -fvisibility=hidden  conftest.c >&5
configure:15735: $? = 0
configure:15740: result: yes
configure:15755: checking whether GCC assembler is compatible for ARM assembly implementations
configure:15776: gcc -c -g -O2 -fvisibility=hidden  conftest.c >&5
/tmp/ccqZ2j9T.s: Assembler messages:
/tmp/ccqZ2j9T.s:5: Error: unknown pseudo-op: `.syntax'
/tmp/ccqZ2j9T.s:6: Error: unknown pseudo-op: `.arm'
/tmp/ccqZ2j9T.s:8: Error: bad register name `%r0'
configure:15776: $? = 1
configure: failed program was:
| /* confdefs.h */
| #define PACKAGE_NAME "libgcrypt"
| #define PACKAGE_TARNAME "libgcrypt"
| #define PACKAGE_VERSION "1.7.6"
| #define PACKAGE_STRING "libgcrypt 1.7.6"
| #define PACKAGE_BUGREPORT "http://bugs.gnupg.org"
| #define PACKAGE_URL ""
| #define PACKAGE "libgcrypt"
| #define VERSION "1.7.6"
| #define PACKAGE "libgcrypt"
| #define VERSION "1.7.6"
| #define STDC_HEADERS 1
| #define HAVE_SYS_TYPES_H 1
| #define HAVE_SYS_STAT_H 1
| #define HAVE_STDLIB_H 1
| #define HAVE_STRING_H 1
| #define HAVE_MEMORY_H 1
| #define HAVE_STRINGS_H 1
| #define HAVE_INTTYPES_H 1
| #define HAVE_STDINT_H 1
| #define HAVE_UNISTD_H 1
| #define __EXTENSIONS__ 1
| #define _ALL_SOURCE 1
| #define _GNU_SOURCE 1
| #define _POSIX_PTHREAD_SEMANTICS 1
| #define _TANDEM_SOURCE 1
| #define HAVE_DLFCN_H 1
| #define LT_OBJDIR ".libs/"
| #define SIZEOF_UNSIGNED_SHORT 2
| #define SIZEOF_UNSIGNED_INT 4
| #define SIZEOF_UNSIGNED_LONG 8
| #define SIZEOF_UNSIGNED_LONG_LONG 8
| #define SIZEOF_VOID_P 8
| #define HAVE_UINTPTR_T 1
| #define SIZEOF_UINT64_T 8
| #define EGD_SOCKET_NAME ""
| #define PRINTABLE_OS_NAME "GNU/Linux"
| #define NAME_OF_DEV_RANDOM "/dev/random"
| #define NAME_OF_DEV_URANDOM "/dev/urandom"
| #define GPG_ERR_SOURCE_DEFAULT GPG_ERR_SOURCE_GCRYPT
| #define HAVE_PTHREAD 1 
| #define STDC_HEADERS 1
| #define HAVE_UNISTD_H 1
| #define HAVE_SYS_SELECT_H 1
| #define HAVE_SYS_MSG_H 1
| #define RETSIGTYPE void
| #define HAVE_DECL_SYS_SIGLIST 1
| #define HAVE_USHORT_TYPEDEF 1
| #define HAVE_ULONG_TYPEDEF 1
| #define HAVE_SYS_SOCKET_H 1
| #define HAVE_BUILTIN_BSWAP32 1
| #define HAVE_BUILTIN_BSWAP64 1
| #define HAVE_BUILTIN_CTZ 1
| #define HAVE_VLA 1
| #define GCRY_USE_VISIBILITY 1
| #define HAVE_GCC_ATTRIBUTE_ALIGNED 1
| #define HAVE_GCC_ATTRIBUTE_PACKED 1
| #define HAVE_GCC_ASM_VOLATILE_MEMORY 1
| /* end confdefs.h.  */
| __asm__(
|                 /* Test if assembler supports UAL syntax.  */
|                 ".syntax unified\n\t"
|                 ".arm\n\t" /* our assembly code is in ARM mode  */
|                 /* Following causes error if assembler ignored '.syntax unified'.  */
|                 "asmfunc:\n\t"
|                 "add %r0, %r0, %r4, ror #12;\n\t"
| 
|                 /* Test if '.type' and '.size' are supported.  */
|                 ".size asmfunc,.-asmfunc;\n\t"
|                 ".type asmfunc,%function;\n\t"
|             );
configure:15781: result: no
configure:15795: checking whether GCC assembler is compatible for ARMv8/Aarch64 assembly implementations
configure:15814: gcc -c -g -O2 -fvisibility=hidden  conftest.c >&5
/tmp/ccrqvdXX.s: Assembler messages:
/tmp/ccrqvdXX.s:6: Error: no such instruction: `eor x0,x0,x30,ror'
/tmp/ccrqvdXX.s:7: Error: too many memory references for `add'
/tmp/ccrqvdXX.s:8: Error: no such instruction: `eor v0.16b,v0.16b,v31.16b'
configure:15814: $? = 1
configure: failed program was:
| /* confdefs.h */
| #define PACKAGE_NAME "libgcrypt"
| #define PACKAGE_TARNAME "libgcrypt"
| #define PACKAGE_VERSION "1.7.6"
| #define PACKAGE_STRING "libgcrypt 1.7.6"
| #define PACKAGE_BUGREPORT "http://bugs.gnupg.org"
| #define PACKAGE_URL ""
| #define PACKAGE "libgcrypt"
| #define VERSION "1.7.6"
| #define PACKAGE "libgcrypt"
| #define VERSION "1.7.6"
| #define STDC_HEADERS 1
| #define HAVE_SYS_TYPES_H 1
| #define HAVE_SYS_STAT_H 1
| #define HAVE_STDLIB_H 1
| #define HAVE_STRING_H 1
| #define HAVE_MEMORY_H 1
| #define HAVE_STRINGS_H 1
| #define HAVE_INTTYPES_H 1
| #define HAVE_STDINT_H 1
| #define HAVE_UNISTD_H 1
| #define __EXTENSIONS__ 1
| #define _ALL_SOURCE 1
| #define _GNU_SOURCE 1
| #define _POSIX_PTHREAD_SEMANTICS 1
| #define _TANDEM_SOURCE 1
| #define HAVE_DLFCN_H 1
| #define LT_OBJDIR ".libs/"
| #define SIZEOF_UNSIGNED_SHORT 2
| #define SIZEOF_UNSIGNED_INT 4
| #define SIZEOF_UNSIGNED_LONG 8
| #define SIZEOF_UNSIGNED_LONG_LONG 8
| #define SIZEOF_VOID_P 8
| #define HAVE_UINTPTR_T 1
| #define SIZEOF_UINT64_T 8
| #define EGD_SOCKET_NAME ""
| #define PRINTABLE_OS_NAME "GNU/Linux"
| #define NAME_OF_DEV_RANDOM "/dev/random"
| #define NAME_OF_DEV_URANDOM "/dev/urandom"
| #define GPG_ERR_SOURCE_DEFAULT GPG_ERR_SOURCE_GCRYPT
| #define HAVE_PTHREAD 1 
| #define STDC_HEADERS 1
| #define HAVE_UNISTD_H 1
| #define HAVE_SYS_SELECT_H 1
| #define HAVE_SYS_MSG_H 1
| #define RETSIGTYPE void
| #define HAVE_DECL_SYS_SIGLIST 1
| #define HAVE_USHORT_TYPEDEF 1
| #define HAVE_ULONG_TYPEDEF 1
| #define HAVE_SYS_SOCKET_H 1
| #define HAVE_BUILTIN_BSWAP32 1
| #define HAVE_BUILTIN_BSWAP64 1
| #define HAVE_BUILTIN_CTZ 1
| #define HAVE_VLA 1
| #define GCRY_USE_VISIBILITY 1
| #define HAVE_GCC_ATTRIBUTE_ALIGNED 1
| #define HAVE_GCC_ATTRIBUTE_PACKED 1
| #define HAVE_GCC_ASM_VOLATILE_MEMORY 1
| /* end confdefs.h.  */
| __asm__(
|                 "asmfunc:\n\t"
|                 "eor x0, x0, x30, ror #12;\n\t"
|                 "add x0, x0, x30, asr #12;\n\t"
|                 "eor v0.16b, v0.16b, v31.16b;\n\t"
| 
|                 /* Test if '.type' and '.size' are supported.  */
|                 ".size asmfunc,.-asmfunc;\n\t"
|                 ".type asmfunc,@function;\n\t"
|             );
configure:15819: result: no
configure:15856: checking for _ prefix in compiled symbols
configure:15866: gcc -c -g -O2 -fvisibility=hidden  conftest.c >&5
configure:15869: $? = 0
configure:15873: /usr/bin/nm -B conftest.o \| sed -n -e 's/^.*[	 ]\([ABCDGIRSTW][ABCDGIRSTW]*\)[	 ][	 ]*\([_A-Za-z][_A-Za-z0-9]*\)$/\1 \2 \2/p' | sed '/ __gnu_lto/d' \| cut -d \' \' -f 2 \> conftest.nm
configure:15876: $? = 0
configure: cannot find nm_test_func in conftest.nm
configure:15903: result: no
configure:15926: checking architecture and mpi assembler functions
configure:15933: result: x86
configure:16123: checking whether compiler supports 'ms_abi' function attribute
configure:16133: gcc -c -g -O2 -fvisibility=hidden -Werror  conftest.c >&5
configure:16133: $? = 0
configure:16138: result: yes
configure:16150: checking whether compiler supports 'sysv_abi' function attribute
configure:16160: gcc -c -g -O2 -fvisibility=hidden -Werror  conftest.c >&5
configure:16160: $? = 0
configure:16165: result: yes
configure:16178: checking whether default calling convention is 'ms_abi'
configure:16194: gcc -c -g -O2 -fvisibility=hidden -Werror  conftest.c >&5
conftest.c: In function 'test':
conftest.c:66:29: error: assignment from incompatible pointer type [-Werror=incompatible-pointer-types]
                  msabi_func = def_func;
                             ^
cc1: all warnings being treated as errors
configure:16194: $? = 1
configure: failed program was:
| /* confdefs.h */
| #define PACKAGE_NAME "libgcrypt"
| #define PACKAGE_TARNAME "libgcrypt"
| #define PACKAGE_VERSION "1.7.6"
| #define PACKAGE_STRING "libgcrypt 1.7.6"
| #define PACKAGE_BUGREPORT "http://bugs.gnupg.org"
| #define PACKAGE_URL ""
| #define PACKAGE "libgcrypt"
| #define VERSION "1.7.6"
| #define PACKAGE "libgcrypt"
| #define VERSION "1.7.6"
| #define STDC_HEADERS 1
| #define HAVE_SYS_TYPES_H 1
| #define HAVE_SYS_STAT_H 1
| #define HAVE_STDLIB_H 1
| #define HAVE_STRING_H 1
| #define HAVE_MEMORY_H 1
| #define HAVE_STRINGS_H 1
| #define HAVE_INTTYPES_H 1
| #define HAVE_STDINT_H 1
| #define HAVE_UNISTD_H 1
| #define __EXTENSIONS__ 1
| #define _ALL_SOURCE 1
| #define _GNU_SOURCE 1
| #define _POSIX_PTHREAD_SEMANTICS 1
| #define _TANDEM_SOURCE 1
| #define HAVE_DLFCN_H 1
| #define LT_OBJDIR ".libs/"
| #define SIZEOF_UNSIGNED_SHORT 2
| #define SIZEOF_UNSIGNED_INT 4
| #define SIZEOF_UNSIGNED_LONG 8
| #define SIZEOF_UNSIGNED_LONG_LONG 8
| #define SIZEOF_VOID_P 8
| #define HAVE_UINTPTR_T 1
| #define SIZEOF_UINT64_T 8
| #define EGD_SOCKET_NAME ""
| #define PRINTABLE_OS_NAME "GNU/Linux"
| #define NAME_OF_DEV_RANDOM "/dev/random"
| #define NAME_OF_DEV_URANDOM "/dev/urandom"
| #define GPG_ERR_SOURCE_DEFAULT GPG_ERR_SOURCE_GCRYPT
| #define HAVE_PTHREAD 1 
| #define STDC_HEADERS 1
| #define HAVE_UNISTD_H 1
| #define HAVE_SYS_SELECT_H 1
| #define HAVE_SYS_MSG_H 1
| #define RETSIGTYPE void
| #define HAVE_DECL_SYS_SIGLIST 1
| #define HAVE_USHORT_TYPEDEF 1
| #define HAVE_ULONG_TYPEDEF 1
| #define HAVE_SYS_SOCKET_H 1
| #define HAVE_BUILTIN_BSWAP32 1
| #define HAVE_BUILTIN_BSWAP64 1
| #define HAVE_BUILTIN_CTZ 1
| #define HAVE_VLA 1
| #define GCRY_USE_VISIBILITY 1
| #define HAVE_GCC_ATTRIBUTE_ALIGNED 1
| #define HAVE_GCC_ATTRIBUTE_PACKED 1
| #define HAVE_GCC_ASM_VOLATILE_MEMORY 1
| #define HAVE_GCC_ATTRIBUTE_MS_ABI 1
| #define HAVE_GCC_ATTRIBUTE_SYSV_ABI 1
| /* end confdefs.h.  */
| void *test(void) {
|                  void *(*def_func)(void) = test;
|                  void *__attribute__((ms_abi))(*msabi_func)(void);
|                  /* warning on SysV abi targets, passes on Windows based targets */
|                  msabi_func = def_func;
|                  return msabi_func;
|              }
configure:16199: result: no
configure:16213: checking whether default calling convention is 'sysv_abi'
configure:16229: gcc -c -g -O2 -fvisibility=hidden -Werror  conftest.c >&5
configure:16229: $? = 0
configure:16234: result: yes
configure:16252: checking whether GCC inline assembler supports SSSE3 instructions
configure:16269: gcc -c -g -O2 -fvisibility=hidden  conftest.c >&5
configure:16269: $? = 0
configure:16275: result: yes
configure:16287: checking whether GCC inline assembler supports PCLMUL instructions
configure:16302: gcc -c -g -O2 -fvisibility=hidden  conftest.c >&5
configure:16302: $? = 0
configure:16308: result: yes
configure:16319: checking whether GCC inline assembler supports SSE4.1 instructions
configure:16335: gcc -c -g -O2 -fvisibility=hidden  conftest.c >&5
configure:16335: $? = 0
configure:16341: result: yes
configure:16353: checking whether GCC inline assembler supports AVX instructions
configure:16368: gcc -c -g -O2 -fvisibility=hidden  conftest.c >&5
configure:16368: $? = 0
configure:16374: result: yes
configure:16386: checking whether GCC inline assembler supports AVX2 instructions
configure:16401: gcc -c -g -O2 -fvisibility=hidden  conftest.c >&5
configure:16401: $? = 0
configure:16407: result: yes
configure:16419: checking whether GCC inline assembler supports BMI2 instructions
configure:16434: gcc -c -g -O2 -fvisibility=hidden  conftest.c >&5
configure:16434: $? = 0
configure:16440: result: yes
configure:16454: checking whether GCC assembler handles division correctly
configure:16464: gcc -c -g -O2 -fvisibility=hidden  conftest.c >&5
configure:16464: $? = 0
configure:16469: result: yes
configure:16507: checking whether GCC assembler is compatible for amd64 assembly implementations
configure:16531: gcc -c -g -O2 -fvisibility=hidden  conftest.c >&5
configure:16531: $? = 0
configure:16537: result: yes
configure:16581: checking whether GCC assembler is compatible for Intel syntax assembly implementations
configure:16612: gcc -c -g -O2 -fvisibility=hidden  conftest.c >&5
configure:16612: $? = 0
configure:16618: result: yes
configure:16630: checking whether compiler is configured for ARMv6 or newer architecture
configure:16663: result: n/a
configure:16675: checking whether GCC inline assembler supports NEON instructions
configure:16703: result: n/a
configure:16715: checking whether GCC inline assembler supports AArch32 Crypto Extension instructions
configure:16758: result: n/a
configure:16770: checking whether GCC inline assembler supports AArch64 NEON instructions
configure:16795: result: n/a
configure:16807: checking whether GCC inline assembler supports AArch64 Crypto Extension instructions
configure:16849: result: n/a
configure:16864: checking for vprintf
configure:16864: gcc -o conftest -g -O2 -fvisibility=hidden   conftest.c  >&5
conftest.c:94:6: warning: conflicting types for built-in function 'vprintf'
 char vprintf ();
      ^
configure:16864: $? = 0
configure:16864: result: yes
configure:16870: checking for _doprnt
configure:16870: gcc -o conftest -g -O2 -fvisibility=hidden   conftest.c  >&5
/tmp/ccw1QtHr.o: In function `main':
/home/ww31/Documents/graphene/LibOS/shim/test/libgcrypt-1.7.6/conftest.c:106: undefined reference to `_doprnt'
collect2: error: ld returned 1 exit status
configure:16870: $? = 1
configure: failed program was:
| /* confdefs.h */
| #define PACKAGE_NAME "libgcrypt"
| #define PACKAGE_TARNAME "libgcrypt"
| #define PACKAGE_VERSION "1.7.6"
| #define PACKAGE_STRING "libgcrypt 1.7.6"
| #define PACKAGE_BUGREPORT "http://bugs.gnupg.org"
| #define PACKAGE_URL ""
| #define PACKAGE "libgcrypt"
| #define VERSION "1.7.6"
| #define PACKAGE "libgcrypt"
| #define VERSION "1.7.6"
| #define STDC_HEADERS 1
| #define HAVE_SYS_TYPES_H 1
| #define HAVE_SYS_STAT_H 1
| #define HAVE_STDLIB_H 1
| #define HAVE_STRING_H 1
| #define HAVE_MEMORY_H 1
| #define HAVE_STRINGS_H 1
| #define HAVE_INTTYPES_H 1
| #define HAVE_STDINT_H 1
| #define HAVE_UNISTD_H 1
| #define __EXTENSIONS__ 1
| #define _ALL_SOURCE 1
| #define _GNU_SOURCE 1
| #define _POSIX_PTHREAD_SEMANTICS 1
| #define _TANDEM_SOURCE 1
| #define HAVE_DLFCN_H 1
| #define LT_OBJDIR ".libs/"
| #define SIZEOF_UNSIGNED_SHORT 2
| #define SIZEOF_UNSIGNED_INT 4
| #define SIZEOF_UNSIGNED_LONG 8
| #define SIZEOF_UNSIGNED_LONG_LONG 8
| #define SIZEOF_VOID_P 8
| #define HAVE_UINTPTR_T 1
| #define SIZEOF_UINT64_T 8
| #define EGD_SOCKET_NAME ""
| #define PRINTABLE_OS_NAME "GNU/Linux"
| #define NAME_OF_DEV_RANDOM "/dev/random"
| #define NAME_OF_DEV_URANDOM "/dev/urandom"
| #define GPG_ERR_SOURCE_DEFAULT GPG_ERR_SOURCE_GCRYPT
| #define HAVE_PTHREAD 1 
| #define STDC_HEADERS 1
| #define HAVE_UNISTD_H 1
| #define HAVE_SYS_SELECT_H 1
| #define HAVE_SYS_MSG_H 1
| #define RETSIGTYPE void
| #define HAVE_DECL_SYS_SIGLIST 1
| #define HAVE_USHORT_TYPEDEF 1
| #define HAVE_ULONG_TYPEDEF 1
| #define HAVE_SYS_SOCKET_H 1
| #define HAVE_BUILTIN_BSWAP32 1
| #define HAVE_BUILTIN_BSWAP64 1
| #define HAVE_BUILTIN_CTZ 1
| #define HAVE_VLA 1
| #define GCRY_USE_VISIBILITY 1
| #define HAVE_GCC_ATTRIBUTE_ALIGNED 1
| #define HAVE_GCC_ATTRIBUTE_PACKED 1
| #define HAVE_GCC_ASM_VOLATILE_MEMORY 1
| #define HAVE_GCC_ATTRIBUTE_MS_ABI 1
| #define HAVE_GCC_ATTRIBUTE_SYSV_ABI 1
| #define HAVE_GCC_DEFAULT_ABI_IS_SYSV_ABI 1
| #define HAVE_GCC_INLINE_ASM_SSSE3 1
| #define HAVE_GCC_INLINE_ASM_PCLMUL 1
| #define HAVE_GCC_INLINE_ASM_SSE41 1
| #define HAVE_GCC_INLINE_ASM_AVX 1
| #define HAVE_GCC_INLINE_ASM_AVX2 1
| #define HAVE_GCC_INLINE_ASM_BMI2 1
| #define HAVE_COMPATIBLE_GCC_AMD64_PLATFORM_AS 1
| #define HAVE_INTEL_SYNTAX_PLATFORM_AS 1
| #define HAVE_VPRINTF 1
| /* end confdefs.h.  */
| /* Define _doprnt to an innocuous variant, in case <limits.h> declares _doprnt.
|    For example, HP-UX 11i <limits.h> declares gettimeofday.  */
| #define _doprnt innocuous__doprnt
| 
| /* System header to define __stub macros and hopefully few prototypes,
|     which can conflict with char _doprnt (); below.
|     Prefer <limits.h> to <assert.h> if __STDC__ is defined, since
|     <limits.h> exists even on freestanding compilers.  */
| 
| #ifdef __STDC__
| # include <limits.h>
| #else
| # include <assert.h>
| #endif
| 
| #undef _doprnt
| 
| /* Override any GCC internal prototype to avoid an error.
|    Use char because int might match the return type of a GCC
|    builtin and then its argument prototype would still apply.  */
| #ifdef __cplusplus
| extern "C"
| #endif
| char _doprnt ();
| /* The GNU C library defines this for functions which it implements
|     to always fail with ENOSYS.  Some functions are actually named
|     something starting with __ and the normal name is an alias.  */
| #if defined __stub__doprnt || defined __stub____doprnt
| choke me
| #endif
| 
| int
| main ()
| {
| return _doprnt ();
|   ;
|   return 0;
| }
configure:16870: result: no
configure:16885: checking for stpcpy
configure:16885: gcc -o conftest -g -O2 -fvisibility=hidden   conftest.c  >&5
conftest.c:95:6: warning: conflicting types for built-in function 'stpcpy'
 char stpcpy ();
      ^
configure:16885: $? = 0
configure:16885: result: yes
configure:16885: checking for strcasecmp
configure:16885: gcc -o conftest -g -O2 -fvisibility=hidden   conftest.c  >&5
conftest.c:96:6: warning: conflicting types for built-in function 'strcasecmp'
 char strcasecmp ();
      ^
configure:16885: $? = 0
configure:16885: result: yes
configure:16898: checking for strtoul
configure:16898: gcc -o conftest -g -O2 -fvisibility=hidden   conftest.c  >&5
configure:16898: $? = 0
configure:16898: result: yes
configure:16898: checking for memmove
configure:16898: gcc -o conftest -g -O2 -fvisibility=hidden   conftest.c  >&5
conftest.c:98:6: warning: conflicting types for built-in function 'memmove'
 char memmove ();
      ^
configure:16898: $? = 0
configure:16898: result: yes
configure:16898: checking for stricmp
configure:16898: gcc -o conftest -g -O2 -fvisibility=hidden   conftest.c  >&5
/tmp/ccSHc3RA.o: In function `main':
/home/ww31/Documents/graphene/LibOS/shim/test/libgcrypt-1.7.6/conftest.c:110: undefined reference to `stricmp'
collect2: error: ld returned 1 exit status
configure:16898: $? = 1
configure: failed program was:
| /* confdefs.h */
| #define PACKAGE_NAME "libgcrypt"
| #define PACKAGE_TARNAME "libgcrypt"
| #define PACKAGE_VERSION "1.7.6"
| #define PACKAGE_STRING "libgcrypt 1.7.6"
| #define PACKAGE_BUGREPORT "http://bugs.gnupg.org"
| #define PACKAGE_URL ""
| #define PACKAGE "libgcrypt"
| #define VERSION "1.7.6"
| #define PACKAGE "libgcrypt"
| #define VERSION "1.7.6"
| #define STDC_HEADERS 1
| #define HAVE_SYS_TYPES_H 1
| #define HAVE_SYS_STAT_H 1
| #define HAVE_STDLIB_H 1
| #define HAVE_STRING_H 1
| #define HAVE_MEMORY_H 1
| #define HAVE_STRINGS_H 1
| #define HAVE_INTTYPES_H 1
| #define HAVE_STDINT_H 1
| #define HAVE_UNISTD_H 1
| #define __EXTENSIONS__ 1
| #define _ALL_SOURCE 1
| #define _GNU_SOURCE 1
| #define _POSIX_PTHREAD_SEMANTICS 1
| #define _TANDEM_SOURCE 1
| #define HAVE_DLFCN_H 1
| #define LT_OBJDIR ".libs/"
| #define SIZEOF_UNSIGNED_SHORT 2
| #define SIZEOF_UNSIGNED_INT 4
| #define SIZEOF_UNSIGNED_LONG 8
| #define SIZEOF_UNSIGNED_LONG_LONG 8
| #define SIZEOF_VOID_P 8
| #define HAVE_UINTPTR_T 1
| #define SIZEOF_UINT64_T 8
| #define EGD_SOCKET_NAME ""
| #define PRINTABLE_OS_NAME "GNU/Linux"
| #define NAME_OF_DEV_RANDOM "/dev/random"
| #define NAME_OF_DEV_URANDOM "/dev/urandom"
| #define GPG_ERR_SOURCE_DEFAULT GPG_ERR_SOURCE_GCRYPT
| #define HAVE_PTHREAD 1 
| #define STDC_HEADERS 1
| #define HAVE_UNISTD_H 1
| #define HAVE_SYS_SELECT_H 1
| #define HAVE_SYS_MSG_H 1
| #define RETSIGTYPE void
| #define HAVE_DECL_SYS_SIGLIST 1
| #define HAVE_USHORT_TYPEDEF 1
| #define HAVE_ULONG_TYPEDEF 1
| #define HAVE_SYS_SOCKET_H 1
| #define HAVE_BUILTIN_BSWAP32 1
| #define HAVE_BUILTIN_BSWAP64 1
| #define HAVE_BUILTIN_CTZ 1
| #define HAVE_VLA 1
| #define GCRY_USE_VISIBILITY 1
| #define HAVE_GCC_ATTRIBUTE_ALIGNED 1
| #define HAVE_GCC_ATTRIBUTE_PACKED 1
| #define HAVE_GCC_ASM_VOLATILE_MEMORY 1
| #define HAVE_GCC_ATTRIBUTE_MS_ABI 1
| #define HAVE_GCC_ATTRIBUTE_SYSV_ABI 1
| #define HAVE_GCC_DEFAULT_ABI_IS_SYSV_ABI 1
| #define HAVE_GCC_INLINE_ASM_SSSE3 1
| #define HAVE_GCC_INLINE_ASM_PCLMUL 1
| #define HAVE_GCC_INLINE_ASM_SSE41 1
| #define HAVE_GCC_INLINE_ASM_AVX 1
| #define HAVE_GCC_INLINE_ASM_AVX2 1
| #define HAVE_GCC_INLINE_ASM_BMI2 1
| #define HAVE_COMPATIBLE_GCC_AMD64_PLATFORM_AS 1
| #define HAVE_INTEL_SYNTAX_PLATFORM_AS 1
| #define HAVE_VPRINTF 1
| #define HAVE_STPCPY 1
| #define HAVE_STRCASECMP 1
| #define HAVE_STRTOUL 1
| #define HAVE_MEMMOVE 1
| /* end confdefs.h.  */
| /* Define stricmp to an innocuous variant, in case <limits.h> declares stricmp.
|    For example, HP-UX 11i <limits.h> declares gettimeofday.  */
| #define stricmp innocuous_stricmp
| 
| /* System header to define __stub macros and hopefully few prototypes,
|     which can conflict with char stricmp (); below.
|     Prefer <limits.h> to <assert.h> if __STDC__ is defined, since
|     <limits.h> exists even on freestanding compilers.  */
| 
| #ifdef __STDC__
| # include <limits.h>
| #else
| # include <assert.h>
| #endif
| 
| #undef stricmp
| 
| /* Override any GCC internal prototype to avoid an error.
|    Use char because int might match the return type of a GCC
|    builtin and then its argument prototype would still apply.  */
| #ifdef __cplusplus
| extern "C"
| #endif
| char stricmp ();
| /* The GNU C library defines this for functions which it implements
|     to always fail with ENOSYS.  Some functions are actually named
|     something starting with __ and the normal name is an alias.  */
| #if defined __stub_stricmp || defined __stub___stricmp
| choke me
| #endif
| 
| int
| main ()
| {
| return stricmp ();
|   ;
|   return 0;
| }
configure:16898: result: no
configure:16898: checking for atexit
configure:16898: gcc -o conftest -g -O2 -fvisibility=hidden   conftest.c  >&5
configure:16898: $? = 0
configure:16898: result: yes
configure:16898: checking for raise
configure:16898: gcc -o conftest -g -O2 -fvisibility=hidden   conftest.c  >&5
configure:16898: $? = 0
configure:16898: result: yes
configure:16911: checking for strerror
configure:16911: gcc -o conftest -g -O2 -fvisibility=hidden   conftest.c  >&5
configure:16911: $? = 0
configure:16911: result: yes
configure:16911: checking for rand
configure:16911: gcc -o conftest -g -O2 -fvisibility=hidden   conftest.c  >&5
configure:16911: $? = 0
configure:16911: result: yes
configure:16911: checking for mmap
configure:16911: gcc -o conftest -g -O2 -fvisibility=hidden   conftest.c  >&5
configure:16911: $? = 0
configure:16911: result: yes
configure:16911: checking for getpagesize
configure:16911: gcc -o conftest -g -O2 -fvisibility=hidden   conftest.c  >&5
configure:16911: $? = 0
configure:16911: result: yes
configure:16911: checking for sysconf
configure:16911: gcc -o conftest -g -O2 -fvisibility=hidden   conftest.c  >&5
configure:16911: $? = 0
configure:16911: result: yes
configure:16911: checking for waitpid
configure:16911: gcc -o conftest -g -O2 -fvisibility=hidden   conftest.c  >&5
configure:16911: $? = 0
configure:16911: result: yes
configure:16911: checking for wait4
configure:16911: gcc -o conftest -g -O2 -fvisibility=hidden   conftest.c  >&5
configure:16911: $? = 0
configure:16911: result: yes
configure:16923: checking for gettimeofday
configure:16923: gcc -o conftest -g -O2 -fvisibility=hidden   conftest.c  >&5
configure:16923: $? = 0
configure:16923: result: yes
configure:16923: checking for getrusage
configure:16923: gcc -o conftest -g -O2 -fvisibility=hidden   conftest.c  >&5
configure:16923: $? = 0
configure:16923: result: yes
configure:16923: checking for gethrtime
configure:16923: gcc -o conftest -g -O2 -fvisibility=hidden   conftest.c  >&5
/tmp/ccjCyBJV.o: In function `main':
/home/ww31/Documents/graphene/LibOS/shim/test/libgcrypt-1.7.6/conftest.c:121: undefined reference to `gethrtime'
collect2: error: ld returned 1 exit status
configure:16923: $? = 1
configure: failed program was:
| /* confdefs.h */
| #define PACKAGE_NAME "libgcrypt"
| #define PACKAGE_TARNAME "libgcrypt"
| #define PACKAGE_VERSION "1.7.6"
| #define PACKAGE_STRING "libgcrypt 1.7.6"
| #define PACKAGE_BUGREPORT "http://bugs.gnupg.org"
| #define PACKAGE_URL ""
| #define PACKAGE "libgcrypt"
| #define VERSION "1.7.6"
| #define PACKAGE "libgcrypt"
| #define VERSION "1.7.6"
| #define STDC_HEADERS 1
| #define HAVE_SYS_TYPES_H 1
| #define HAVE_SYS_STAT_H 1
| #define HAVE_STDLIB_H 1
| #define HAVE_STRING_H 1
| #define HAVE_MEMORY_H 1
| #define HAVE_STRINGS_H 1
| #define HAVE_INTTYPES_H 1
| #define HAVE_STDINT_H 1
| #define HAVE_UNISTD_H 1
| #define __EXTENSIONS__ 1
| #define _ALL_SOURCE 1
| #define _GNU_SOURCE 1
| #define _POSIX_PTHREAD_SEMANTICS 1
| #define _TANDEM_SOURCE 1
| #define HAVE_DLFCN_H 1
| #define LT_OBJDIR ".libs/"
| #define SIZEOF_UNSIGNED_SHORT 2
| #define SIZEOF_UNSIGNED_INT 4
| #define SIZEOF_UNSIGNED_LONG 8
| #define SIZEOF_UNSIGNED_LONG_LONG 8
| #define SIZEOF_VOID_P 8
| #define HAVE_UINTPTR_T 1
| #define SIZEOF_UINT64_T 8
| #define EGD_SOCKET_NAME ""
| #define PRINTABLE_OS_NAME "GNU/Linux"
| #define NAME_OF_DEV_RANDOM "/dev/random"
| #define NAME_OF_DEV_URANDOM "/dev/urandom"
| #define GPG_ERR_SOURCE_DEFAULT GPG_ERR_SOURCE_GCRYPT
| #define HAVE_PTHREAD 1 
| #define STDC_HEADERS 1
| #define HAVE_UNISTD_H 1
| #define HAVE_SYS_SELECT_H 1
| #define HAVE_SYS_MSG_H 1
| #define RETSIGTYPE void
| #define HAVE_DECL_SYS_SIGLIST 1
| #define HAVE_USHORT_TYPEDEF 1
| #define HAVE_ULONG_TYPEDEF 1
| #define HAVE_SYS_SOCKET_H 1
| #define HAVE_BUILTIN_BSWAP32 1
| #define HAVE_BUILTIN_BSWAP64 1
| #define HAVE_BUILTIN_CTZ 1
| #define HAVE_VLA 1
| #define GCRY_USE_VISIBILITY 1
| #define HAVE_GCC_ATTRIBUTE_ALIGNED 1
| #define HAVE_GCC_ATTRIBUTE_PACKED 1
| #define HAVE_GCC_ASM_VOLATILE_MEMORY 1
| #define HAVE_GCC_ATTRIBUTE_MS_ABI 1
| #define HAVE_GCC_ATTRIBUTE_SYSV_ABI 1
| #define HAVE_GCC_DEFAULT_ABI_IS_SYSV_ABI 1
| #define HAVE_GCC_INLINE_ASM_SSSE3 1
| #define HAVE_GCC_INLINE_ASM_PCLMUL 1
| #define HAVE_GCC_INLINE_ASM_SSE41 1
| #define HAVE_GCC_INLINE_ASM_AVX 1
| #define HAVE_GCC_INLINE_ASM_AVX2 1
| #define HAVE_GCC_INLINE_ASM_BMI2 1
| #define HAVE_COMPATIBLE_GCC_AMD64_PLATFORM_AS 1
| #define HAVE_INTEL_SYNTAX_PLATFORM_AS 1
| #define HAVE_VPRINTF 1
| #define HAVE_STPCPY 1
| #define HAVE_STRCASECMP 1
| #define HAVE_STRTOUL 1
| #define HAVE_MEMMOVE 1
| #define HAVE_ATEXIT 1
| #define HAVE_RAISE 1
| #define HAVE_STRERROR 1
| #define HAVE_RAND 1
| #define HAVE_MMAP 1
| #define HAVE_GETPAGESIZE 1
| #define HAVE_SYSCONF 1
| #define HAVE_WAITPID 1
| #define HAVE_WAIT4 1
| #define HAVE_GETTIMEOFDAY 1
| #define HAVE_GETRUSAGE 1
| /* end confdefs.h.  */
| /* Define gethrtime to an innocuous variant, in case <limits.h> declares gethrtime.
|    For example, HP-UX 11i <limits.h> declares gettimeofday.  */
| #define gethrtime innocuous_gethrtime
| 
| /* System header to define __stub macros and hopefully few prototypes,
|     which can conflict with char gethrtime (); below.
|     Prefer <limits.h> to <assert.h> if __STDC__ is defined, since
|     <limits.h> exists even on freestanding compilers.  */
| 
| #ifdef __STDC__
| # include <limits.h>
| #else
| # include <assert.h>
| #endif
| 
| #undef gethrtime
| 
| /* Override any GCC internal prototype to avoid an error.
|    Use char because int might match the return type of a GCC
|    builtin and then its argument prototype would still apply.  */
| #ifdef __cplusplus
| extern "C"
| #endif
| char gethrtime ();
| /* The GNU C library defines this for functions which it implements
|     to always fail with ENOSYS.  Some functions are actually named
|     something starting with __ and the normal name is an alias.  */
| #if defined __stub_gethrtime || defined __stub___gethrtime
| choke me
| #endif
| 
| int
| main ()
| {
| return gethrtime ();
|   ;
|   return 0;
| }
configure:16923: result: no
configure:16923: checking for clock_gettime
configure:16923: gcc -o conftest -g -O2 -fvisibility=hidden   conftest.c  >&5
configure:16923: $? = 0
configure:16923: result: yes
configure:16923: checking for syslog
configure:16923: gcc -o conftest -g -O2 -fvisibility=hidden   conftest.c  >&5
configure:16923: $? = 0
configure:16923: result: yes
configure:16935: checking for syscall
configure:16935: gcc -o conftest -g -O2 -fvisibility=hidden   conftest.c  >&5
configure:16935: $? = 0
configure:16935: result: yes
configure:16935: checking for fcntl
configure:16935: gcc -o conftest -g -O2 -fvisibility=hidden   conftest.c  >&5
configure:16935: $? = 0
configure:16935: result: yes
configure:16935: checking for ftruncate
configure:16935: gcc -o conftest -g -O2 -fvisibility=hidden   conftest.c  >&5
configure:16935: $? = 0
configure:16935: result: yes
configure:16935: checking for flockfile
configure:16935: gcc -o conftest -g -O2 -fvisibility=hidden   conftest.c  >&5
configure:16935: $? = 0
configure:16935: result: yes
configure:16947: checking for mlock
configure:16947: gcc -o conftest -g -O2 -fvisibility=hidden   conftest.c  >&5
configure:16947: $? = 0
configure:16947: result: yes
configure:17071: checking for sysconf
configure:17071: result: yes
configure:17071: checking for getpagesize
configure:17071: result: yes
configure:17080: checking whether mlock is broken
configure:17130: gcc -o conftest -g -O2 -fvisibility=hidden   conftest.c  >&5
configure:17130: $? = 0
configure:17130: ./conftest
configure:17130: $? = 0
configure:17150: result: no
configure:17163: checking for getpid
configure:17163: gcc -o conftest -g -O2 -fvisibility=hidden   conftest.c  >&5
configure:17163: $? = 0
configure:17163: result: yes
configure:17176: checking for clock
configure:17176: gcc -o conftest -g -O2 -fvisibility=hidden   conftest.c  >&5
configure:17176: $? = 0
configure:17176: result: yes
configure:17354: checking for random device
configure:17362: result: yes
configure:17518: checking whether non excutable stack support is requested
configure:17527: result: yes
configure:17530: checking whether assembler supports --noexecstack option
configure:17540: gcc -g -O2 -fvisibility=hidden -Wall 
                     -S -o conftest.s conftest.c >/dev/null
configure:17543: $? = 0
configure:17548: gcc -g -O2  -Wa,--noexecstack
                       -c -o conftest.o conftest.s >/dev/null
configure:17551: $? = 0
configure:17560: result: yes
configure:18860: checking that generated files are newer than configure
configure:18866: result: done
configure:18998: creating ./config.status

## ---------------------- ##
## Running config.status. ##
## ---------------------- ##

This file was extended by libgcrypt config.status 1.7.6, which was
generated by GNU Autoconf 2.69.  Invocation command line was

  CONFIG_FILES    = 
  CONFIG_HEADERS  = 
  CONFIG_LINKS    = 
  CONFIG_COMMANDS = 
  $ ./config.status 

on ww31-OptiPlex-7040

config.status:1379: creating Makefile
config.status:1379: creating m4/Makefile
config.status:1379: creating compat/Makefile
config.status:1379: creating mpi/Makefile
config.status:1379: creating cipher/Makefile
config.status:1379: creating random/Makefile
config.status:1379: creating doc/Makefile
config.status:1379: creating src/Makefile
config.status:1379: creating src/gcrypt.h
config.status:1379: creating src/libgcrypt-config
config.status:1379: creating src/versioninfo.rc
config.status:1379: creating tests/Makefile
config.status:1379: creating tests/hashtest-256g
config.status:1379: creating config.h
config.status:1620: linking mpi/amd64/mpih-add1.S to mpi/mpih-add1-asm.S
config.status:1620: linking mpi/amd64/mpih-sub1.S to mpi/mpih-sub1-asm.S
config.status:1620: linking mpi/amd64/mpih-mul1.S to mpi/mpih-mul1-asm.S
config.status:1620: linking mpi/amd64/mpih-mul2.S to mpi/mpih-mul2-asm.S
config.status:1620: linking mpi/amd64/mpih-mul3.S to mpi/mpih-mul3-asm.S
config.status:1620: linking mpi/amd64/mpih-lshift.S to mpi/mpih-lshift-asm.S
config.status:1620: linking mpi/amd64/mpih-rshift.S to mpi/mpih-rshift-asm.S
config.status:1620: linking mpi/generic/mpi-asm-defs.h to mpi/mpi-asm-defs.h
config.status:1639: executing depfiles commands
config.status:1639: executing libtool commands
config.status:1639: executing gcrypt-conf commands

## ---------------- ##
## Cache variables. ##
## ---------------- ##

ac_cv_build=x86_64-pc-linux-gnu
ac_cv_c_bigendian=no
ac_cv_c_compiler_gnu=yes
ac_cv_c_const=yes
ac_cv_c_inline=inline
ac_cv_env_CCASFLAGS_set=
ac_cv_env_CCASFLAGS_value=
ac_cv_env_CCAS_set=
ac_cv_env_CCAS_value=
ac_cv_env_CC_FOR_BUILD_set=
ac_cv_env_CC_FOR_BUILD_value=
ac_cv_env_CC_set=
ac_cv_env_CC_value=
ac_cv_env_CFLAGS_set=
ac_cv_env_CFLAGS_value=
ac_cv_env_CPPFLAGS_set=
ac_cv_env_CPPFLAGS_value=
ac_cv_env_CPP_set=
ac_cv_env_CPP_value=
ac_cv_env_LDFLAGS_set=
ac_cv_env_LDFLAGS_value=
ac_cv_env_LIBS_set=
ac_cv_env_LIBS_value=
ac_cv_env_SYSROOT_set=
ac_cv_env_SYSROOT_value=
ac_cv_env_build_alias_set=
ac_cv_env_build_alias_value=
ac_cv_env_host_alias_set=
ac_cv_env_host_alias_value=
ac_cv_env_target_alias_set=
ac_cv_env_target_alias_value=
ac_cv_func__doprnt=no
ac_cv_func_atexit=yes
ac_cv_func_clock=yes
ac_cv_func_clock_gettime=yes
ac_cv_func_fcntl=yes
ac_cv_func_flockfile=yes
ac_cv_func_ftruncate=yes
ac_cv_func_gethrtime=no
ac_cv_func_getpagesize=yes
ac_cv_func_getpid=yes
ac_cv_func_getrusage=yes
ac_cv_func_gettimeofday=yes
ac_cv_func_memmove=yes
ac_cv_func_mlock=yes
ac_cv_func_mmap=yes
ac_cv_func_raise=yes
ac_cv_func_rand=yes
ac_cv_func_stpcpy=yes
ac_cv_func_strcasecmp=yes
ac_cv_func_strerror=yes
ac_cv_func_stricmp=no
ac_cv_func_strtoul=yes
ac_cv_func_syscall=yes
ac_cv_func_sysconf=yes
ac_cv_func_syslog=yes
ac_cv_func_vprintf=yes
ac_cv_func_wait4=yes
ac_cv_func_waitpid=yes
ac_cv_have_decl_sys_siglist=yes
ac_cv_have_dev_random=yes
ac_cv_header_dlfcn_h=yes
ac_cv_header_inttypes_h=yes
ac_cv_header_memory_h=yes
ac_cv_header_minix_config_h=no
ac_cv_header_stdc=yes
ac_cv_header_stdint_h=yes
ac_cv_header_stdlib_h=yes
ac_cv_header_string_h=yes
ac_cv_header_strings_h=yes
ac_cv_header_sys_msg_h=yes
ac_cv_header_sys_select_h=yes
ac_cv_header_sys_socket_h=yes
ac_cv_header_sys_stat_h=yes
ac_cv_header_sys_types_h=yes
ac_cv_header_unistd_h=yes
ac_cv_host=x86_64-pc-linux-gnu
ac_cv_lib_pthread_pthread_create=yes
ac_cv_mpi_sflags=
ac_cv_objext=o
ac_cv_path_EGREP='/bin/grep -E'
ac_cv_path_FGREP='/bin/grep -F'
ac_cv_path_GPG_ERROR_CONFIG=/usr/local/bin/gpg-error-config
ac_cv_path_GREP=/bin/grep
ac_cv_path_SED=/bin/sed
ac_cv_path_install='/usr/bin/install -c'
ac_cv_path_mkdir=/bin/mkdir
ac_cv_prog_AWK=gawk
ac_cv_prog_CPP='gcc -E'
ac_cv_prog_ac_ct_AR=ar
ac_cv_prog_ac_ct_CC=gcc
ac_cv_prog_ac_ct_MANIFEST_TOOL=mt
ac_cv_prog_ac_ct_OBJDUMP=objdump
ac_cv_prog_ac_ct_RANLIB=ranlib
ac_cv_prog_ac_ct_STRIP=strip
ac_cv_prog_cc_c89=
ac_cv_prog_cc_g=yes
ac_cv_prog_make_make_set=yes
ac_cv_safe_to_define___extensions__=yes
ac_cv_search_setsockopt='none required'
ac_cv_search_strerror='none required'
ac_cv_sizeof_uint64_t=8
ac_cv_sizeof_unsigned_int=4
ac_cv_sizeof_unsigned_long=8
ac_cv_sizeof_unsigned_long_long=8
ac_cv_sizeof_unsigned_short=2
ac_cv_sizeof_void_p=8
ac_cv_sys_symbol_underscore=no
ac_cv_type_pid_t=yes
ac_cv_type_signal=void
ac_cv_type_size_t=yes
ac_cv_type_socklen_t=yes
ac_cv_type_uintptr_t=yes
am_cv_CCAS_dependencies_compiler_type=gcc3
am_cv_CC_dependencies_compiler_type=gcc3
am_cv_make_support_nested_variables=yes
am_cv_prog_cc_c_o=yes
cl_cv_as_noexecstack=yes
gcry_cv_broken_alias_attribute=no
gcry_cv_broken_visibility_attribute=no
gcry_cv_cc_arm_arch_is_v6=n/a
gcry_cv_gcc_aarch64_platform_as_ok=no
gcry_cv_gcc_amd64_platform_as_ok=yes
gcry_cv_gcc_arm_platform_as_ok=no
gcry_cv_gcc_as_const_division_ok=yes
gcry_cv_gcc_attribute_aligned=yes
gcry_cv_gcc_attribute_ms_abi=yes
gcry_cv_gcc_attribute_packed=yes
gcry_cv_gcc_attribute_sysv_abi=yes
gcry_cv_gcc_default_abi_is_ms_abi=no
gcry_cv_gcc_default_abi_is_sysv_abi=yes
gcry_cv_gcc_has_f_visibility=yes
gcry_cv_gcc_inline_asm_aarch32_crypto=n/a
gcry_cv_gcc_inline_asm_aarch64_crypto=n/a
gcry_cv_gcc_inline_asm_aarch64_neon=n/a
gcry_cv_gcc_inline_asm_avx2=yes
gcry_cv_gcc_inline_asm_avx=yes
gcry_cv_gcc_inline_asm_bmi2=yes
gcry_cv_gcc_inline_asm_neon=n/a
gcry_cv_gcc_inline_asm_pclmul=yes
gcry_cv_gcc_inline_asm_sse41=yes
gcry_cv_gcc_inline_asm_ssse3=yes
gcry_cv_gcc_platform_as_ok_for_intel_syntax=yes
gcry_cv_have___asm__=yes
gcry_cv_have_asm=yes
gcry_cv_have_asm_volatile_memory=yes
gcry_cv_have_builtin_bswap32=yes
gcry_cv_have_builtin_bswap64=yes
gcry_cv_have_builtin_ctz=yes
gcry_cv_have_vla=yes
gcry_cv_visibility_attribute=yes
gnupg_cv_have_broken_mlock=no
gnupg_cv_typedef_byte=no
gnupg_cv_typedef_u16=no
gnupg_cv_typedef_u32=no
gnupg_cv_typedef_ulong=yes
gnupg_cv_typedef_ushort=yes
gnupg_cv_uint64_c_works=yes
lt_cv_ar_at_file=@
lt_cv_archive_cmds_need_lc=no
lt_cv_deplibs_check_method=pass_all
lt_cv_file_magic_cmd='$MAGIC_CMD'
lt_cv_file_magic_test_file=
lt_cv_ld_reload_flag=-r
lt_cv_nm_interface='BSD nm'
lt_cv_objdir=.libs
lt_cv_path_LD=/usr/bin/ld
lt_cv_path_NM='/usr/bin/nm -B'
lt_cv_path_mainfest_tool=no
lt_cv_prog_compiler_c_o=yes
lt_cv_prog_compiler_c_o_RC=yes
lt_cv_prog_compiler_pic='-fPIC -DPIC'
lt_cv_prog_compiler_pic_works=yes
lt_cv_prog_compiler_rtti_exceptions=no
lt_cv_prog_compiler_static_works=yes
lt_cv_prog_gnu_ld=yes
lt_cv_sharedlib_from_linklib_cmd='printf %s\n'
lt_cv_shlibpath_overrides_runpath=no
lt_cv_sys_global_symbol_pipe='sed -n -e '\''s/^.*[	 ]\([ABCDGIRSTW][ABCDGIRSTW]*\)[	 ][	 ]*\([_A-Za-z][_A-Za-z0-9]*\)$/\1 \2 \2/p'\'' | sed '\''/ __gnu_lto/d'\'''
lt_cv_sys_global_symbol_to_c_name_address='sed -n -e '\''s/^: \([^ ]*\)[ ]*$/  {\"\1\", (void *) 0},/p'\'' -e '\''s/^[ABCDGIRSTW]* \([^ ]*\) \([^ ]*\)$/  {"\2", (void *) \&\2},/p'\'''
lt_cv_sys_global_symbol_to_c_name_address_lib_prefix='sed -n -e '\''s/^: \([^ ]*\)[ ]*$/  {\"\1\", (void *) 0},/p'\'' -e '\''s/^[ABCDGIRSTW]* \([^ ]*\) \(lib[^ ]*\)$/  {"\2", (void *) \&\2},/p'\'' -e '\''s/^[ABCDGIRSTW]* \([^ ]*\) \([^ ]*\)$/  {"lib\2", (void *) \&\2},/p'\'''
lt_cv_sys_global_symbol_to_cdecl='sed -n -e '\''s/^T .* \(.*\)$/extern int \1();/p'\'' -e '\''s/^[ABCDGIRSTW]* .* \(.*\)$/extern char \1;/p'\'''
lt_cv_sys_max_cmd_len=1572864
lt_cv_to_host_file_cmd=func_convert_file_noop
lt_cv_to_tool_file_cmd=func_convert_file_noop

## ----------------- ##
## Output variables. ##
## ----------------- ##

ACLOCAL='${SHELL} /home/ww31/Documents/graphene/LibOS/shim/test/libgcrypt-1.7.6/build-aux/missing aclocal-1.14'
AMDEPBACKSLASH='\'
AMDEP_FALSE='#'
AMDEP_TRUE=''
AMTAR='$${TAR-tar}'
AM_BACKSLASH='\'
AM_DEFAULT_V='$(AM_DEFAULT_VERBOSITY)'
AM_DEFAULT_VERBOSITY='1'
AM_V='$(V)'
AR='ar'
AS='as'
AUTOCONF='${SHELL} /home/ww31/Documents/graphene/LibOS/shim/test/libgcrypt-1.7.6/build-aux/missing autoconf'
AUTOHEADER='${SHELL} /home/ww31/Documents/graphene/LibOS/shim/test/libgcrypt-1.7.6/build-aux/missing autoheader'
AUTOMAKE='${SHELL} /home/ww31/Documents/graphene/LibOS/shim/test/libgcrypt-1.7.6/build-aux/missing automake-1.14'
AWK='gawk'
BUILD_DOC_FALSE='#'
BUILD_DOC_TRUE=''
BUILD_FILEVERSION='1,7,6,25828'
BUILD_REVISION='64e4808'
BUILD_TIMESTAMP='<none>'
CC='gcc'
CCAS='gcc'
CCASDEPMODE='depmode=gcc3'
CCASFLAGS='-g -O2'
CCDEPMODE='depmode=gcc3'
CC_FOR_BUILD='gcc'
CFLAGS='-g -O2 -fvisibility=hidden -Wall'
CPP='gcc -E'
CPPFLAGS=''
CROSS_COMPILING_FALSE=''
CROSS_COMPILING_TRUE='#'
CYGPATH_W='echo'
DEFS='-DHAVE_CONFIG_H'
DEPDIR='.deps'
DLLTOOL='false'
DL_LIBS=''
DSYMUTIL=''
DUMPBIN=''
ECHO_C=''
ECHO_N='-n'
ECHO_T=''
EGREP='/bin/grep -E'
ENABLE_O_FLAG_MUNGING_FALSE='#'
ENABLE_O_FLAG_MUNGING_TRUE=''
EXEEXT=''
FALLBACK_SOCKLEN_T='typedef socklen_t gcry_socklen_t;'
FGREP='/bin/grep -F'
GCRYPT_CIPHERS=' arcfour.lo arcfour-amd64.lo blowfish.lo blowfish-amd64.lo cast5.lo cast5-amd64.lo des.lo des-amd64.lo rijndael.lo rijndael-amd64.lo rijndael-ssse3-amd64.lo rijndael-aesni.lo rijndael-padlock.lo twofish.lo twofish-amd64.lo serpent.lo serpent-sse2-amd64.lo serpent-avx2-amd64.lo rfc2268.lo seed.lo camellia.lo camellia-glue.lo camellia-aesni-avx-amd64.lo camellia-aesni-avx2-amd64.lo idea.lo salsa20.lo salsa20-amd64.lo gost28147.lo chacha20.lo chacha20-sse2-amd64.lo chacha20-ssse3-amd64.lo chacha20-avx2-amd64.lo poly1305-sse2-amd64.lo poly1305-avx2-amd64.lo'
GCRYPT_DIGESTS=' crc.lo crc-intel-pclmul.lo gostr3411-94.lo stribog.lo md4.lo md5.lo rmd160.lo sha256.lo sha256-ssse3-amd64.lo sha256-avx-amd64.lo sha256-avx2-bmi2-amd64.lo sha512.lo sha512-ssse3-amd64.lo sha512-avx-amd64.lo sha512-avx2-bmi2-amd64.lo keccak.lo tiger.lo whirlpool.lo whirlpool-sse2-amd64.lo sha1.lo sha1-ssse3-amd64.lo sha1-avx-amd64.lo sha1-avx-bmi2-amd64.lo'
GCRYPT_HWF_MODULES='hwf-x86.lo'
GCRYPT_KDFS=' scrypt.lo'
GCRYPT_PUBKEY_CIPHERS=' dsa.lo rsa.lo elgamal.lo                           ecc.lo ecc-curves.lo ecc-misc.lo                           ecc-ecdsa.lo ecc-eddsa.lo ecc-gost.lo'
GCRYPT_RANDOM=' rndlinux.lo'
GPG_ERROR_CFLAGS='-I/usr/local/include'
GPG_ERROR_CONFIG='/usr/local/bin/gpg-error-config'
GPG_ERROR_LIBS='-L/usr/local/lib -lgpg-error'
GPG_ERROR_MT_CFLAGS='-I/usr/local/include'
GPG_ERROR_MT_LIBS='-L/usr/local/lib -lgpg-error -lpthread'
GREP='/bin/grep'
HAVE_LD_VERSION_SCRIPT_FALSE='#'
HAVE_LD_VERSION_SCRIPT_TRUE=''
HAVE_W32CE_SYSTEM_FALSE=''
HAVE_W32CE_SYSTEM_TRUE='#'
HAVE_W32_SYSTEM_FALSE=''
HAVE_W32_SYSTEM_TRUE='#'
INSERT_SYS_SELECT_H=' include <sys/select.h>'
INSTALL_DATA='${INSTALL} -m 644'
INSTALL_PROGRAM='${INSTALL}'
INSTALL_SCRIPT='${INSTALL}'
INSTALL_STRIP_PROGRAM='$(install_sh) -c -s'
LD='/usr/bin/ld -m elf_x86_64'
LDFLAGS=''
LIBGCRYPT_CIPHERS='arcfour blowfish cast5 des aes twofish serpent rfc2268 seed camellia idea salsa20 gost28147 chacha20'
LIBGCRYPT_CONFIG_API_VERSION='1'
LIBGCRYPT_CONFIG_CFLAGS=''
LIBGCRYPT_CONFIG_HOST='x86_64-pc-linux-gnu'
LIBGCRYPT_CONFIG_LIBS='-lgcrypt'
LIBGCRYPT_DIGESTS='crc gostr3411-94  md4 md5 rmd160 sha1 sha256 sha512 sha3 tiger whirlpool stribog'
LIBGCRYPT_LT_AGE='1'
LIBGCRYPT_LT_CURRENT='21'
LIBGCRYPT_LT_REVISION='6'
LIBGCRYPT_PUBKEY_CIPHERS='dsa elgamal rsa ecc'
LIBGCRYPT_THREAD_MODULES=''
LIBOBJS=''
LIBS=''
LIBTOOL='$(SHELL) $(top_builddir)/libtool'
LIPO=''
LN_S='ln -s'
LTLIBOBJS=''
MAINT='#'
MAINTAINER_MODE_FALSE=''
MAINTAINER_MODE_TRUE='#'
MAKEINFO='${SHELL} /home/ww31/Documents/graphene/LibOS/shim/test/libgcrypt-1.7.6/build-aux/missing makeinfo'
MANIFEST_TOOL=':'
MKDIR_P='/bin/mkdir -p'
MPI_MOD_ASM_MPIH_ADD1_FALSE='#'
MPI_MOD_ASM_MPIH_ADD1_TRUE=''
MPI_MOD_ASM_MPIH_LSHIFT_FALSE='#'
MPI_MOD_ASM_MPIH_LSHIFT_TRUE=''
MPI_MOD_ASM_MPIH_MUL1_FALSE='#'
MPI_MOD_ASM_MPIH_MUL1_TRUE=''
MPI_MOD_ASM_MPIH_MUL2_FALSE='#'
MPI_MOD_ASM_MPIH_MUL2_TRUE=''
MPI_MOD_ASM_MPIH_MUL3_FALSE='#'
MPI_MOD_ASM_MPIH_MUL3_TRUE=''
MPI_MOD_ASM_MPIH_RSHIFT_FALSE='#'
MPI_MOD_ASM_MPIH_RSHIFT_TRUE=''
MPI_MOD_ASM_MPIH_SUB1_FALSE='#'
MPI_MOD_ASM_MPIH_SUB1_TRUE=''
MPI_MOD_ASM_UDIV_FALSE=''
MPI_MOD_ASM_UDIV_QRNND_FALSE=''
MPI_MOD_ASM_UDIV_QRNND_TRUE='#'
MPI_MOD_ASM_UDIV_TRUE='#'
MPI_MOD_C_MPIH_ADD1_FALSE=''
MPI_MOD_C_MPIH_ADD1_TRUE='#'
MPI_MOD_C_MPIH_LSHIFT_FALSE=''
MPI_MOD_C_MPIH_LSHIFT_TRUE='#'
MPI_MOD_C_MPIH_MUL1_FALSE=''
MPI_MOD_C_MPIH_MUL1_TRUE='#'
MPI_MOD_C_MPIH_MUL2_FALSE=''
MPI_MOD_C_MPIH_MUL2_TRUE='#'
MPI_MOD_C_MPIH_MUL3_FALSE=''
MPI_MOD_C_MPIH_MUL3_TRUE='#'
MPI_MOD_C_MPIH_RSHIFT_FALSE=''
MPI_MOD_C_MPIH_RSHIFT_TRUE='#'
MPI_MOD_C_MPIH_SUB1_FALSE=''
MPI_MOD_C_MPIH_SUB1_TRUE='#'
MPI_MOD_C_UDIV_FALSE=''
MPI_MOD_C_UDIV_QRNND_FALSE=''
MPI_MOD_C_UDIV_QRNND_TRUE='#'
MPI_MOD_C_UDIV_TRUE='#'
MPI_SFLAGS=''
NM='/usr/bin/nm -B'
NMEDIT=''
NOEXECSTACK_FLAGS='-Wa,--noexecstack'
OBJDUMP='objdump'
OBJEXT='o'
OTOOL64=''
OTOOL=''
PACKAGE='libgcrypt'
PACKAGE_BUGREPORT='http://bugs.gnupg.org'
PACKAGE_NAME='libgcrypt'
PACKAGE_STRING='libgcrypt 1.7.6'
PACKAGE_TARNAME='libgcrypt'
PACKAGE_URL=''
PACKAGE_VERSION='1.7.6'
PATH_SEPARATOR=':'
PTH_CFLAGS=''
PTH_CONFIG=''
PTH_LIBS=''
RANLIB='ranlib'
RC=''
RUN_LARGE_DATA_TESTS='no'
SED='/bin/sed'
SET_MAKE=''
SHELL='/bin/bash'
STRIP='strip'
SYSROOT=''
SYS_SOCKET_H=''
USE_RANDOM_DAEMON_FALSE=''
USE_RANDOM_DAEMON_TRUE='#'
VERSION='1.7.6'
VERSION_NUMBER='0x010706'
ac_ct_AR='ar'
ac_ct_CC='gcc'
ac_ct_DUMPBIN=''
am__EXEEXT_FALSE=''
am__EXEEXT_TRUE='#'
am__fastdepCCAS_FALSE='#'
am__fastdepCCAS_TRUE=''
am__fastdepCC_FALSE='#'
am__fastdepCC_TRUE=''
am__include='include'
am__isrc=''
am__leading_dot='.'
am__nodep='_no'
am__quote=''
am__tar='$${TAR-tar} chof - "$$tardir"'
am__untar='$${TAR-tar} xf -'
bindir='${exec_prefix}/bin'
build='x86_64-pc-linux-gnu'
build_alias=''
build_cpu='x86_64'
build_os='linux-gnu'
build_vendor='pc'
datadir='${datarootdir}'
datarootdir='${prefix}/share'
docdir='${datarootdir}/doc/${PACKAGE_TARNAME}'
dvidir='${docdir}'
emacs_local_vars_begin='Local Variables:'
emacs_local_vars_end='End:'
emacs_local_vars_read_only='buffer-read-only: t'
exec_prefix='${prefix}'
host='x86_64-pc-linux-gnu'
host_alias=''
host_cpu='x86_64'
host_os='linux-gnu'
host_vendor='pc'
htmldir='${docdir}'
includedir='${prefix}/include'
infodir='${datarootdir}/info'
install_sh='${SHELL} /home/ww31/Documents/graphene/LibOS/shim/test/libgcrypt-1.7.6/build-aux/install-sh'
libdir='${exec_prefix}/lib'
libexecdir='${exec_prefix}/libexec'
localedir='${datarootdir}/locale'
localstatedir='${prefix}/var'
mandir='${datarootdir}/man'
mkdir_p='$(MKDIR_P)'
oldincludedir='/usr/include'
pdfdir='${docdir}'
prefix='/usr/local'
program_transform_name='s,x,x,'
psdir='${docdir}'
sbindir='${exec_prefix}/sbin'
sharedstatedir='${prefix}/com'
sysconfdir='${prefix}/etc'
target_alias=''

## ----------- ##
## confdefs.h. ##
## ----------- ##

/* confdefs.h */
#define PACKAGE_NAME "libgcrypt"
#define PACKAGE_TARNAME "libgcrypt"
#define PACKAGE_VERSION "1.7.6"
#define PACKAGE_STRING "libgcrypt 1.7.6"
#define PACKAGE_BUGREPORT "http://bugs.gnupg.org"
#define PACKAGE_URL ""
#define PACKAGE "libgcrypt"
#define VERSION "1.7.6"
#define PACKAGE "libgcrypt"
#define VERSION "1.7.6"
#define STDC_HEADERS 1
#define HAVE_SYS_TYPES_H 1
#define HAVE_SYS_STAT_H 1
#define HAVE_STDLIB_H 1
#define HAVE_STRING_H 1
#define HAVE_MEMORY_H 1
#define HAVE_STRINGS_H 1
#define HAVE_INTTYPES_H 1
#define HAVE_STDINT_H 1
#define HAVE_UNISTD_H 1
#define __EXTENSIONS__ 1
#define _ALL_SOURCE 1
#define _GNU_SOURCE 1
#define _POSIX_PTHREAD_SEMANTICS 1
#define _TANDEM_SOURCE 1
#define HAVE_DLFCN_H 1
#define LT_OBJDIR ".libs/"
#define SIZEOF_UNSIGNED_SHORT 2
#define SIZEOF_UNSIGNED_INT 4
#define SIZEOF_UNSIGNED_LONG 8
#define SIZEOF_UNSIGNED_LONG_LONG 8
#define SIZEOF_VOID_P 8
#define HAVE_UINTPTR_T 1
#define SIZEOF_UINT64_T 8
#define EGD_SOCKET_NAME ""
#define PRINTABLE_OS_NAME "GNU/Linux"
#define NAME_OF_DEV_RANDOM "/dev/random"
#define NAME_OF_DEV_URANDOM "/dev/urandom"
#define GPG_ERR_SOURCE_DEFAULT GPG_ERR_SOURCE_GCRYPT
#define HAVE_PTHREAD 1 
#define STDC_HEADERS 1
#define HAVE_UNISTD_H 1
#define HAVE_SYS_SELECT_H 1
#define HAVE_SYS_MSG_H 1
#define RETSIGTYPE void
#define HAVE_DECL_SYS_SIGLIST 1
#define HAVE_USHORT_TYPEDEF 1
#define HAVE_ULONG_TYPEDEF 1
#define HAVE_SYS_SOCKET_H 1
#define HAVE_BUILTIN_BSWAP32 1
#define HAVE_BUILTIN_BSWAP64 1
#define HAVE_BUILTIN_CTZ 1
#define HAVE_VLA 1
#define GCRY_USE_VISIBILITY 1
#define HAVE_GCC_ATTRIBUTE_ALIGNED 1
#define HAVE_GCC_ATTRIBUTE_PACKED 1
#define HAVE_GCC_ASM_VOLATILE_MEMORY 1
#define HAVE_GCC_ATTRIBUTE_MS_ABI 1
#define HAVE_GCC_ATTRIBUTE_SYSV_ABI 1
#define HAVE_GCC_DEFAULT_ABI_IS_SYSV_ABI 1
#define HAVE_GCC_INLINE_ASM_SSSE3 1
#define HAVE_GCC_INLINE_ASM_PCLMUL 1
#define HAVE_GCC_INLINE_ASM_SSE41 1
#define HAVE_GCC_INLINE_ASM_AVX 1
#define HAVE_GCC_INLINE_ASM_AVX2 1
#define HAVE_GCC_INLINE_ASM_BMI2 1
#define HAVE_COMPATIBLE_GCC_AMD64_PLATFORM_AS 1
#define HAVE_INTEL_SYNTAX_PLATFORM_AS 1
#define HAVE_VPRINTF 1
#define HAVE_STPCPY 1
#define HAVE_STRCASECMP 1
#define HAVE_STRTOUL 1
#define HAVE_MEMMOVE 1
#define HAVE_ATEXIT 1
#define HAVE_RAISE 1
#define HAVE_STRERROR 1
#define HAVE_RAND 1
#define HAVE_MMAP 1
#define HAVE_GETPAGESIZE 1
#define HAVE_SYSCONF 1
#define HAVE_WAITPID 1
#define HAVE_WAIT4 1
#define HAVE_GETTIMEOFDAY 1
#define HAVE_GETRUSAGE 1
#define HAVE_CLOCK_GETTIME 1
#define HAVE_SYSLOG 1
#define HAVE_SYSCALL 1
#define HAVE_FCNTL 1
#define HAVE_FTRUNCATE 1
#define HAVE_FLOCKFILE 1
#define HAVE_MLOCK 1
#define HAVE_SYSCONF 1
#define HAVE_GETPAGESIZE 1
#define HAVE_GETPID 1
#define HAVE_CLOCK 1
#define HAVE_DEV_RANDOM 1
#define ENABLE_AESNI_SUPPORT 1
#define ENABLE_PCLMUL_SUPPORT 1
#define ENABLE_SSE41_SUPPORT 1
#define ENABLE_AVX_SUPPORT 1
#define ENABLE_AVX2_SUPPORT 1
#define ENABLE_PADLOCK_SUPPORT 1
#define ENABLE_DRNG_SUPPORT 1
#define USE_ARCFOUR 1
#define USE_BLOWFISH 1
#define USE_CAST5 1
#define USE_DES 1
#define USE_AES 1
#define USE_TWOFISH 1
#define USE_SERPENT 1
#define USE_RFC2268 1
#define USE_SEED 1
#define USE_CAMELLIA 1
#define USE_IDEA 1
#define USE_SALSA20 1
#define USE_GOST28147 1
#define USE_CHACHA20 1
#define USE_DSA 1
#define USE_RSA 1
#define USE_ELGAMAL 1
#define USE_ECC 1
#define USE_CRC 1
#define USE_GOST_R_3411_94 1
#define USE_GOST_R_3411_12 1
#define USE_MD4 1
#define USE_MD5 1
#define USE_RMD160 1
#define USE_SHA256 1
#define USE_SHA512 1
#define USE_SHA3 1
#define USE_TIGER 1
#define USE_WHIRLPOOL 1
#define USE_SHA1 1
#define USE_SCRYPT 1
#define USE_RNDLINUX 1
#define LIBGCRYPT_CIPHERS "arcfour:blowfish:cast5:des:aes:twofish:serpent:rfc2268:seed:camellia:idea:salsa20:gost28147:chacha20"
#define LIBGCRYPT_PUBKEY_CIPHERS "dsa:elgamal:rsa:ecc"
#define LIBGCRYPT_DIGESTS "crc:gostr3411-94::md4:md5:rmd160:sha1:sha256:sha512:sha3:tiger:whirlpool:stribog"
#define LIBGCRYPT_KDFS "s2k:pkdf2:scrypt"
#define HAVE_CPU_ARCH_X86 1
#define BUILD_REVISION "64e4808"
#define BUILD_TIMESTAMP "<none>"

configure: exit 0
